<?xml version="1.0" encoding="UTF-8"?>
<testsuites name="Trello" time="31.832" tests="7" failures="1" errors="0">
   <testsuite name="Trello" tests="7" failures="1" errors="0" time="31.832" skipped="0" timestamp="2022-02-15 18:20:19" hostname="Admin - DESKTOP-9GOD9GI" id="Test Suites/Trello">
      <properties>
         <property name="deviceName" value=""/>
         <property name="devicePlatform" value=""/>
         <property name="logFolder" value="D:\\Optimworks\\Katalone\\Api\\katalon-studio-api\\Reports\\20220215_182011\\Trello\\20220215_182011"/>
         <property name="logFiles" value="D:\\Optimworks\\Katalone\\Api\\katalon-studio-api\\Reports\\20220215_182011\\Trello\\20220215_182011\\execution0.log"/>
         <property name="attachments" value=""/>
         <property name="hostName" value="Admin - DESKTOP-9GOD9GI"/>
         <property name="hostAddress" value="192.168.0.131"/>
         <property name="os" value="Windows 10 64bit"/>
         <property name="katalonVersion" value="8.2.5.208"/>
      </properties>
      <testcase name="Test Cases/Trello Api Automation/TC01 Login - Board Creation - Logout" time="3.668" classname="Test Cases/Trello Api Automation/TC01 Login - Board Creation - Logout" status="FAILED">
         <failure type="FAILED" message="Test Cases/Trello Api Automation/TC01 Login - Board Creation - Logout FAILED.
Reason:
com.kms.katalon.core.exception.StepFailedException: Expected status code is '200' but actual status code is '400'
	at com.kms.katalon.core.keyword.internal.KeywordMain.stepFailed(KeywordMain.groovy:39)
	at com.kms.katalon.core.webservice.keyword.builtin.VerifyResponseStatusCodeKeyword.verifyStatusCode(VerifyResponseStatusCodeKeyword.groovy:52)
	at com.kms.katalon.core.webservice.keyword.builtin.VerifyResponseStatusCodeKeyword.access$1(VerifyResponseStatusCodeKeyword.groovy)
	at com.kms.katalon.core.webservice.keyword.builtin.VerifyResponseStatusCodeKeyword$_verifyResponseStatusCode_closure1.doCall(VerifyResponseStatusCodeKeyword.groovy:42)
	at com.kms.katalon.core.webservice.keyword.builtin.VerifyResponseStatusCodeKeyword$_verifyResponseStatusCode_closure1.call(VerifyResponseStatusCodeKeyword.groovy)
	at com.kms.katalon.core.keyword.internal.KeywordMain.runKeyword(KeywordMain.groovy:74)
	at com.kms.katalon.core.webservice.keyword.builtin.VerifyResponseStatusCodeKeyword.verifyResponseStatusCode(VerifyResponseStatusCodeKeyword.groovy:37)
	at com.kms.katalon.core.webservice.keyword.builtin.VerifyResponseStatusCodeKeyword.execute(VerifyResponseStatusCodeKeyword.groovy:32)
	at com.kms.katalon.core.keyword.internal.KeywordExecutor.executeKeywordForPlatform(KeywordExecutor.groovy:74)
	at com.kms.katalon.core.webservice.keyword.WSBuiltInKeywords.verifyResponseStatusCode(WSBuiltInKeywords.groovy:330)
	at com.kms.katalon.core.webservice.keyword.WSBuiltInKeywords$verifyResponseStatusCode$0.call(Unknown Source)
	at TC01 Login - Board Creation - Logout.run(TC01 Login - Board Creation - Logout:41)
	at com.kms.katalon.core.main.ScriptEngine.run(ScriptEngine.java:194)
	at com.kms.katalon.core.main.ScriptEngine.runScriptAsRawText(ScriptEngine.java:119)
	at com.kms.katalon.core.main.TestCaseExecutor.runScript(TestCaseExecutor.java:442)
	at com.kms.katalon.core.main.TestCaseExecutor.doExecute(TestCaseExecutor.java:433)
	at com.kms.katalon.core.main.TestCaseExecutor.processExecutionPhase(TestCaseExecutor.java:412)
	at com.kms.katalon.core.main.TestCaseExecutor.accessMainPhase(TestCaseExecutor.java:404)
	at com.kms.katalon.core.main.TestCaseExecutor.execute(TestCaseExecutor.java:281)
	at com.kms.katalon.core.main.TestSuiteExecutor.accessTestCaseMainPhase(TestSuiteExecutor.java:202)
	at com.kms.katalon.core.main.TestSuiteExecutor.accessTestSuiteMainPhase(TestSuiteExecutor.java:164)
	at com.kms.katalon.core.main.TestSuiteExecutor.execute(TestSuiteExecutor.java:105)
	at com.kms.katalon.core.main.TestCaseMain.startTestSuite(TestCaseMain.java:185)
	at com.kms.katalon.core.main.TestCaseMain$startTestSuite$0.call(Unknown Source)
	at TempTestSuite1644929411024.run(TempTestSuite1644929411024.groovy:36)
"/>
         <system-out><![CDATA[2022-02-15 18:20:19 - [TEST_CASE][FAILED] - Test Cases/Trello Api Automation/TC01 Login - Board Creation - Logout: Test Cases/Trello Api Automation/TC01 Login - Board Creation - Logout FAILED.
Reason:
com.kms.katalon.core.exception.StepFailedException: Expected status code is '200' but actual status code is '400'
	at com.kms.katalon.core.keyword.internal.KeywordMain.stepFailed(KeywordMain.groovy:39)
	at com.kms.katalon.core.webservice.keyword.builtin.VerifyResponseStatusCodeKeyword.verifyStatusCode(VerifyResponseStatusCodeKeyword.groovy:52)
	at com.kms.katalon.core.webservice.keyword.builtin.VerifyResponseStatusCodeKeyword.access$1(VerifyResponseStatusCodeKeyword.groovy)
	at com.kms.katalon.core.webservice.keyword.builtin.VerifyResponseStatusCodeKeyword$_verifyResponseStatusCode_closure1.doCall(VerifyResponseStatusCodeKeyword.groovy:42)
	at com.kms.katalon.core.webservice.keyword.builtin.VerifyResponseStatusCodeKeyword$_verifyResponseStatusCode_closure1.call(VerifyResponseStatusCodeKeyword.groovy)
	at com.kms.katalon.core.keyword.internal.KeywordMain.runKeyword(KeywordMain.groovy:74)
	at com.kms.katalon.core.webservice.keyword.builtin.VerifyResponseStatusCodeKeyword.verifyResponseStatusCode(VerifyResponseStatusCodeKeyword.groovy:37)
	at com.kms.katalon.core.webservice.keyword.builtin.VerifyResponseStatusCodeKeyword.execute(VerifyResponseStatusCodeKeyword.groovy:32)
	at com.kms.katalon.core.keyword.internal.KeywordExecutor.executeKeywordForPlatform(KeywordExecutor.groovy:74)
	at com.kms.katalon.core.webservice.keyword.WSBuiltInKeywords.verifyResponseStatusCode(WSBuiltInKeywords.groovy:330)
	at com.kms.katalon.core.webservice.keyword.WSBuiltInKeywords$verifyResponseStatusCode$0.call(Unknown Source)
	at TC01 Login - Board Creation - Logout.run(TC01 Login - Board Creation - Logout:41)
	at com.kms.katalon.core.main.ScriptEngine.run(ScriptEngine.java:194)
	at com.kms.katalon.core.main.ScriptEngine.runScriptAsRawText(ScriptEngine.java:119)
	at com.kms.katalon.core.main.TestCaseExecutor.runScript(TestCaseExecutor.java:442)
	at com.kms.katalon.core.main.TestCaseExecutor.doExecute(TestCaseExecutor.java:433)
	at com.kms.katalon.core.main.TestCaseExecutor.processExecutionPhase(TestCaseExecutor.java:412)
	at com.kms.katalon.core.main.TestCaseExecutor.accessMainPhase(TestCaseExecutor.java:404)
	at com.kms.katalon.core.main.TestCaseExecutor.execute(TestCaseExecutor.java:281)
	at com.kms.katalon.core.main.TestSuiteExecutor.accessTestCaseMainPhase(TestSuiteExecutor.java:202)
	at com.kms.katalon.core.main.TestSuiteExecutor.accessTestSuiteMainPhase(TestSuiteExecutor.java:164)
	at com.kms.katalon.core.main.TestSuiteExecutor.execute(TestSuiteExecutor.java:105)
	at com.kms.katalon.core.main.TestCaseMain.startTestSuite(TestCaseMain.java:185)
	at com.kms.katalon.core.main.TestCaseMain$startTestSuite$0.call(Unknown Source)
	at TempTestSuite1644929411024.run(TempTestSuite1644929411024.groovy:36)


2022-02-15 18:20:20 - [TEST_STEP][PASSED] - emailVar = "nikhil.tadi@gmail.com": null

2022-02-15 18:20:20 - [TEST_STEP][PASSED] - passwordVar = "bunny007": null

2022-02-15 18:20:20 - [TEST_STEP][PASSED] - boardNameVar = "API_Automation": null

2022-02-15 18:20:20 - [TEST_STEP][PASSED] - response1 = sendRequest(findTestObject("Trello/Board Creation", ["urlBoard":url_Board, "boardName":boardNameVar])): Send request successfully

2022-02-15 18:20:22 - [MESSAGE][INFO] - HAR: D:\Optimworks\Katalone\Api\katalon-studio-api\Reports\20220215_182011\Trello\20220215_182011\requests\main\0.har

2022-02-15 18:20:22 - [MESSAGE][PASSED] - Send request successfully

2022-02-15 18:20:22 - [TEST_STEP][PASSED] - verifyResponseStatusCode(response1, 200, CONTINUE_ON_FAILURE): Verify response status code successfully

2022-02-15 18:20:22 - [MESSAGE][PASSED] - Verify response status code successfully

2022-02-15 18:20:22 - [TEST_STEP][PASSED] - idBoardVar = getElementPropertyValue(response1, "id", CONTINUE_ON_FAILURE): null

2022-02-15 18:20:22 - [TEST_STEP][PASSED] - board_response = response1.getResponseText(): null

2022-02-15 18:20:22 - [TEST_STEP][PASSED] - println("
	" + board_response + "
	"): null

2022-02-15 18:20:22 - [TEST_STEP][PASSED] - containsString(response1, boardNameVar, false, CONTINUE_ON_FAILURE): Check contain string successfully

2022-02-15 18:20:22 - [MESSAGE][PASSED] - Check contain string successfully

2022-02-15 18:20:22 - [TEST_STEP][PASSED] - response2 = sendRequest(findTestObject("Trello/Board Creation", ["urlBoard":url_Board])): Send request successfully

2022-02-15 18:20:23 - [MESSAGE][INFO] - HAR: D:\Optimworks\Katalone\Api\katalon-studio-api\Reports\20220215_182011\Trello\20220215_182011\requests\main\1.har

2022-02-15 18:20:23 - [MESSAGE][PASSED] - Send request successfully

2022-02-15 18:20:23 - [TEST_STEP][FAILED] - verifyResponseStatusCode(response2, 200, CONTINUE_ON_FAILURE): Expected status code is '200' but actual status code is '400'

2022-02-15 18:20:23 - [MESSAGE][FAILED] - Expected status code is '200' but actual status code is '400']]></system-out>
         <system-err><![CDATA[2022-02-15 18:20:19 - [TEST_CASE][FAILED] - Test Cases/Trello Api Automation/TC01 Login - Board Creation - Logout: Test Cases/Trello Api Automation/TC01 Login - Board Creation - Logout FAILED.
Reason:
com.kms.katalon.core.exception.StepFailedException: Expected status code is '200' but actual status code is '400'
	at com.kms.katalon.core.keyword.internal.KeywordMain.stepFailed(KeywordMain.groovy:39)
	at com.kms.katalon.core.webservice.keyword.builtin.VerifyResponseStatusCodeKeyword.verifyStatusCode(VerifyResponseStatusCodeKeyword.groovy:52)
	at com.kms.katalon.core.webservice.keyword.builtin.VerifyResponseStatusCodeKeyword.access$1(VerifyResponseStatusCodeKeyword.groovy)
	at com.kms.katalon.core.webservice.keyword.builtin.VerifyResponseStatusCodeKeyword$_verifyResponseStatusCode_closure1.doCall(VerifyResponseStatusCodeKeyword.groovy:42)
	at com.kms.katalon.core.webservice.keyword.builtin.VerifyResponseStatusCodeKeyword$_verifyResponseStatusCode_closure1.call(VerifyResponseStatusCodeKeyword.groovy)
	at com.kms.katalon.core.keyword.internal.KeywordMain.runKeyword(KeywordMain.groovy:74)
	at com.kms.katalon.core.webservice.keyword.builtin.VerifyResponseStatusCodeKeyword.verifyResponseStatusCode(VerifyResponseStatusCodeKeyword.groovy:37)
	at com.kms.katalon.core.webservice.keyword.builtin.VerifyResponseStatusCodeKeyword.execute(VerifyResponseStatusCodeKeyword.groovy:32)
	at com.kms.katalon.core.keyword.internal.KeywordExecutor.executeKeywordForPlatform(KeywordExecutor.groovy:74)
	at com.kms.katalon.core.webservice.keyword.WSBuiltInKeywords.verifyResponseStatusCode(WSBuiltInKeywords.groovy:330)
	at com.kms.katalon.core.webservice.keyword.WSBuiltInKeywords$verifyResponseStatusCode$0.call(Unknown Source)
	at TC01 Login - Board Creation - Logout.run(TC01 Login - Board Creation - Logout:41)
	at com.kms.katalon.core.main.ScriptEngine.run(ScriptEngine.java:194)
	at com.kms.katalon.core.main.ScriptEngine.runScriptAsRawText(ScriptEngine.java:119)
	at com.kms.katalon.core.main.TestCaseExecutor.runScript(TestCaseExecutor.java:442)
	at com.kms.katalon.core.main.TestCaseExecutor.doExecute(TestCaseExecutor.java:433)
	at com.kms.katalon.core.main.TestCaseExecutor.processExecutionPhase(TestCaseExecutor.java:412)
	at com.kms.katalon.core.main.TestCaseExecutor.accessMainPhase(TestCaseExecutor.java:404)
	at com.kms.katalon.core.main.TestCaseExecutor.execute(TestCaseExecutor.java:281)
	at com.kms.katalon.core.main.TestSuiteExecutor.accessTestCaseMainPhase(TestSuiteExecutor.java:202)
	at com.kms.katalon.core.main.TestSuiteExecutor.accessTestSuiteMainPhase(TestSuiteExecutor.java:164)
	at com.kms.katalon.core.main.TestSuiteExecutor.execute(TestSuiteExecutor.java:105)
	at com.kms.katalon.core.main.TestCaseMain.startTestSuite(TestCaseMain.java:185)
	at com.kms.katalon.core.main.TestCaseMain$startTestSuite$0.call(Unknown Source)
	at TempTestSuite1644929411024.run(TempTestSuite1644929411024.groovy:36)]]></system-err>
      </testcase>
      <testcase name="Test Cases/Trello Api Automation/TC02 Login - Board Creation - List Creation - Card Creation - logout" time="4.913" classname="Test Cases/Trello Api Automation/TC02 Login - Board Creation - List Creation - Card Creation - logout" status="PASSED">
         <system-out><![CDATA[2022-02-15 18:20:23 - [TEST_CASE][PASSED] - Test Cases/Trello Api Automation/TC02 Login - Board Creation - List Creation - Card Creation - logout: Test Cases/Trello Api Automation/TC02 Login - Board Creation - List Creation - Card Creation - logout

2022-02-15 18:20:23 - [TEST_STEP][PASSED] - emailVar = "nikhil.tadi@gmail.com": null

2022-02-15 18:20:23 - [TEST_STEP][PASSED] - passwordVar = "bunny007": null

2022-02-15 18:20:23 - [TEST_STEP][PASSED] - boardNameVar = "Trello Api 1": null

2022-02-15 18:20:23 - [TEST_STEP][PASSED] - nameofListVar = "List1": null

2022-02-15 18:20:23 - [TEST_STEP][PASSED] - cardNameVar = "My card": null

2022-02-15 18:20:23 - [TEST_STEP][PASSED] - response1 = sendRequest(findTestObject("Trello/Board Creation", ["urlBoard":url_Board, "boardName":boardNameVar])): Send request successfully

2022-02-15 18:20:25 - [MESSAGE][INFO] - HAR: D:\Optimworks\Katalone\Api\katalon-studio-api\Reports\20220215_182011\Trello\20220215_182011\requests\main\2.har

2022-02-15 18:20:25 - [MESSAGE][PASSED] - Send request successfully

2022-02-15 18:20:25 - [TEST_STEP][PASSED] - verifyResponseStatusCode(response1, 200, CONTINUE_ON_FAILURE): Verify response status code successfully

2022-02-15 18:20:25 - [MESSAGE][PASSED] - Verify response status code successfully

2022-02-15 18:20:25 - [TEST_STEP][PASSED] - idBoardVar = getElementPropertyValue(response1, "id", CONTINUE_ON_FAILURE): null

2022-02-15 18:20:25 - [TEST_STEP][PASSED] - board_response = response1.getResponseText(): null

2022-02-15 18:20:25 - [TEST_STEP][PASSED] - println("
	" + board_response + "
	"): null

2022-02-15 18:20:25 - [TEST_STEP][PASSED] - response2 = sendRequest(findTestObject("Trello/List/Create a new list", ["urlList":url_List, "nameofList":nameofListVar, "idBoard":idBoardVar])): Send request successfully

2022-02-15 18:20:25 - [MESSAGE][INFO] - HAR: D:\Optimworks\Katalone\Api\katalon-studio-api\Reports\20220215_182011\Trello\20220215_182011\requests\main\3.har

2022-02-15 18:20:25 - [MESSAGE][PASSED] - Send request successfully

2022-02-15 18:20:25 - [TEST_STEP][PASSED] - verifyResponseStatusCode(response2, 200, CONTINUE_ON_FAILURE): Verify response status code successfully

2022-02-15 18:20:25 - [MESSAGE][PASSED] - Verify response status code successfully

2022-02-15 18:20:25 - [TEST_STEP][PASSED] - listIdVar = getElementPropertyValue(response2, "id", CONTINUE_ON_FAILURE): null

2022-02-15 18:20:25 - [TEST_STEP][PASSED] - response3 = sendRequest(findTestObject("Trello/Create card", ["urlCard":url_Card, "listId":listIdVar, "cardName":cardNameVar])): Send request successfully

2022-02-15 18:20:26 - [MESSAGE][INFO] - HAR: D:\Optimworks\Katalone\Api\katalon-studio-api\Reports\20220215_182011\Trello\20220215_182011\requests\main\4.har

2022-02-15 18:20:26 - [MESSAGE][PASSED] - Send request successfully

2022-02-15 18:20:26 - [TEST_STEP][PASSED] - verifyResponseStatusCode(response3, 200, CONTINUE_ON_FAILURE): Verify response status code successfully

2022-02-15 18:20:26 - [MESSAGE][PASSED] - Verify response status code successfully

2022-02-15 18:20:26 - [TEST_STEP][PASSED] - card_response = response3.getResponseText(): null

2022-02-15 18:20:26 - [TEST_STEP][PASSED] - println("
	" + card_response + "
	"): null

2022-02-15 18:20:26 - [TEST_STEP][PASSED] - response5 = sendRequest(findTestObject("Object Repository/Trello/Board Deletion", ["urlBoard":url_Board, "idBoard":idBoardVar])): Send request successfully

2022-02-15 18:20:27 - [MESSAGE][INFO] - HAR: D:\Optimworks\Katalone\Api\katalon-studio-api\Reports\20220215_182011\Trello\20220215_182011\requests\main\5.har

2022-02-15 18:20:27 - [MESSAGE][PASSED] - Send request successfully

2022-02-15 18:20:27 - [TEST_STEP][PASSED] - verifyResponseStatusCode(response5, 200, CONTINUE_ON_FAILURE): Verify response status code successfully

2022-02-15 18:20:27 - [MESSAGE][PASSED] - Verify response status code successfully

2022-02-15 18:20:27 - [TEST_STEP][PASSED] - response6 = sendRequest(findTestObject("Trello/logout")): Send request successfully

2022-02-15 18:20:28 - [MESSAGE][INFO] - HAR: D:\Optimworks\Katalone\Api\katalon-studio-api\Reports\20220215_182011\Trello\20220215_182011\requests\main\6.har

2022-02-15 18:20:28 - [MESSAGE][PASSED] - Send request successfully

2022-02-15 18:20:28 - [TEST_STEP][PASSED] - verifyResponseStatusCode(response6, 200, CONTINUE_ON_FAILURE): Verify response status code successfully

2022-02-15 18:20:28 - [MESSAGE][PASSED] - Verify response status code successfully]]></system-out>
         <system-err><![CDATA[]]></system-err>
      </testcase>
      <testcase name="Test Cases/Trello Api Automation/TC03 Board Creation - Update the Board" time="2.554" classname="Test Cases/Trello Api Automation/TC03 Board Creation - Update the Board" status="PASSED">
         <system-out><![CDATA[2022-02-15 18:20:28 - [TEST_CASE][PASSED] - Test Cases/Trello Api Automation/TC03 Board Creation - Update the Board: Test Cases/Trello Api Automation/TC03 Board Creation - Update the Board

2022-02-15 18:20:28 - [TEST_STEP][PASSED] - boardNameVar = "Update details of board": null

2022-02-15 18:20:28 - [TEST_STEP][PASSED] - updatedBoardNameVar = "Board Name Updated": null

2022-02-15 18:20:28 - [TEST_STEP][PASSED] - boardDescription = "I have updated the details of this board": null

2022-02-15 18:20:28 - [TEST_STEP][PASSED] - permissionLevelVar = "public": null

2022-02-15 18:20:28 - [TEST_STEP][PASSED] - backgroundColorVar = "red": null

2022-02-15 18:20:28 - [TEST_STEP][PASSED] - response = sendRequest(findTestObject("Trello/Board Creation", ["urlBoard":url_Board, "boardName":boardNameVar])): Send request successfully

2022-02-15 18:20:29 - [MESSAGE][INFO] - HAR: D:\Optimworks\Katalone\Api\katalon-studio-api\Reports\20220215_182011\Trello\20220215_182011\requests\main\7.har

2022-02-15 18:20:29 - [MESSAGE][PASSED] - Send request successfully

2022-02-15 18:20:29 - [TEST_STEP][PASSED] - verifyResponseStatusCode(response, 200, CONTINUE_ON_FAILURE): Verify response status code successfully

2022-02-15 18:20:29 - [MESSAGE][PASSED] - Verify response status code successfully

2022-02-15 18:20:29 - [TEST_STEP][PASSED] - idBoardVar = getElementPropertyValue(response, "id", CONTINUE_ON_FAILURE): null

2022-02-15 18:20:29 - [TEST_STEP][PASSED] - containsString(response, boardNameVar, false, CONTINUE_ON_FAILURE): Check contain string successfully

2022-02-15 18:20:29 - [MESSAGE][PASSED] - Check contain string successfully

2022-02-15 18:20:29 - [TEST_STEP][PASSED] - response1 = sendRequest(findTestObject("Object Repository/Trello/Update Board", ["urlBoard":url_Board, "updatedBoardName":updatedBoardNameVar, "idBoard":idBoardVar, "description":boardDescription, "permission":permissionLevelVar, ... ])): Send request successfully

2022-02-15 18:20:30 - [MESSAGE][INFO] - HAR: D:\Optimworks\Katalone\Api\katalon-studio-api\Reports\20220215_182011\Trello\20220215_182011\requests\main\8.har

2022-02-15 18:20:30 - [MESSAGE][PASSED] - Send request successfully

2022-02-15 18:20:30 - [TEST_STEP][PASSED] - verifyResponseStatusCode(response1, 200, CONTINUE_ON_FAILURE): Verify response status code successfully

2022-02-15 18:20:30 - [MESSAGE][PASSED] - Verify response status code successfully

2022-02-15 18:20:30 - [TEST_STEP][PASSED] - boardResponse = response1.getResponseText(): null

2022-02-15 18:20:30 - [TEST_STEP][PASSED] - println("
	" + boardResponse + "
	"): null

2022-02-15 18:20:30 - [TEST_STEP][PASSED] - containsString(response1, boardDescription, false, CONTINUE_ON_FAILURE): Check contain string successfully

2022-02-15 18:20:30 - [MESSAGE][PASSED] - Check contain string successfully]]></system-out>
         <system-err><![CDATA[]]></system-err>
      </testcase>
      <testcase name="Test Cases/Trello Api Automation/TC04 Board - List - Card - Update Card Details" time="3.515" classname="Test Cases/Trello Api Automation/TC04 Board - List - Card - Update Card Details" status="PASSED">
         <system-out><![CDATA[2022-02-15 18:20:30 - [TEST_CASE][PASSED] - Test Cases/Trello Api Automation/TC04 Board - List - Card - Update Card Details: Test Cases/Trello Api Automation/TC04 Board - List - Card - Update Card Details

2022-02-15 18:20:31 - [TEST_STEP][PASSED] - boardNameVar = "Updated Card Details": null

2022-02-15 18:20:31 - [TEST_STEP][PASSED] - nameofListVar = "My List": null

2022-02-15 18:20:31 - [TEST_STEP][PASSED] - cardNameVar = "My card": null

2022-02-15 18:20:31 - [TEST_STEP][PASSED] - updatedCardNameVar = "Update card name": null

2022-02-15 18:20:31 - [TEST_STEP][PASSED] - addDesciptionToCard = " Details of this card has been updated ": null

2022-02-15 18:20:31 - [TEST_STEP][PASSED] - response1 = sendRequest(findTestObject("Trello/Board Creation", ["urlBoard":url_Board, "boardName":boardNameVar])): Send request successfully

2022-02-15 18:20:32 - [MESSAGE][INFO] - HAR: D:\Optimworks\Katalone\Api\katalon-studio-api\Reports\20220215_182011\Trello\20220215_182011\requests\main\9.har

2022-02-15 18:20:32 - [MESSAGE][PASSED] - Send request successfully

2022-02-15 18:20:32 - [TEST_STEP][PASSED] - verifyResponseStatusCode(response1, 200, CONTINUE_ON_FAILURE): Verify response status code successfully

2022-02-15 18:20:32 - [MESSAGE][PASSED] - Verify response status code successfully

2022-02-15 18:20:32 - [TEST_STEP][PASSED] - idBoardVar = getElementPropertyValue(response1, "id", CONTINUE_ON_FAILURE): null

2022-02-15 18:20:32 - [TEST_STEP][PASSED] - board_response = response1.getResponseText(): null

2022-02-15 18:20:32 - [TEST_STEP][PASSED] - println("
	" + board_response + "
	"): null

2022-02-15 18:20:32 - [TEST_STEP][PASSED] - containsString(response1, boardNameVar, false, CONTINUE_ON_FAILURE): Check contain string successfully

2022-02-15 18:20:32 - [MESSAGE][PASSED] - Check contain string successfully

2022-02-15 18:20:32 - [TEST_STEP][PASSED] - response2 = sendRequest(findTestObject("Trello/List/Create a new list", ["urlList":url_List, "nameofList":nameofListVar, "idBoard":idBoardVar])): Send request successfully

2022-02-15 18:20:32 - [MESSAGE][INFO] - HAR: D:\Optimworks\Katalone\Api\katalon-studio-api\Reports\20220215_182011\Trello\20220215_182011\requests\main\10.har

2022-02-15 18:20:32 - [MESSAGE][PASSED] - Send request successfully

2022-02-15 18:20:32 - [TEST_STEP][PASSED] - verifyResponseStatusCode(response2, 200, CONTINUE_ON_FAILURE): Verify response status code successfully

2022-02-15 18:20:32 - [MESSAGE][PASSED] - Verify response status code successfully

2022-02-15 18:20:32 - [TEST_STEP][PASSED] - containsString(response2, nameofListVar, false, CONTINUE_ON_FAILURE): Check contain string successfully

2022-02-15 18:20:32 - [MESSAGE][PASSED] - Check contain string successfully

2022-02-15 18:20:32 - [TEST_STEP][PASSED] - listIdVar = getElementPropertyValue(response2, "id", CONTINUE_ON_FAILURE): null

2022-02-15 18:20:32 - [TEST_STEP][PASSED] - response3 = sendRequest(findTestObject("Trello/Create card", ["urlCard":url_Card, "listId":listIdVar, "cardName":cardNameVar])): Send request successfully

2022-02-15 18:20:33 - [MESSAGE][INFO] - HAR: D:\Optimworks\Katalone\Api\katalon-studio-api\Reports\20220215_182011\Trello\20220215_182011\requests\main\11.har

2022-02-15 18:20:33 - [MESSAGE][PASSED] - Send request successfully

2022-02-15 18:20:33 - [TEST_STEP][PASSED] - verifyResponseStatusCode(response3, 200, CONTINUE_ON_FAILURE): Verify response status code successfully

2022-02-15 18:20:33 - [MESSAGE][PASSED] - Verify response status code successfully

2022-02-15 18:20:33 - [TEST_STEP][PASSED] - idCardVar = getElementPropertyValue(response3, "id", CONTINUE_ON_FAILURE): null

2022-02-15 18:20:33 - [TEST_STEP][PASSED] - card_response = response3.getResponseText(): null

2022-02-15 18:20:33 - [TEST_STEP][PASSED] - println("
	" + card_response + "
	"): null

2022-02-15 18:20:33 - [TEST_STEP][PASSED] - containsString(response3, cardNameVar, false, CONTINUE_ON_FAILURE): Check contain string successfully

2022-02-15 18:20:33 - [MESSAGE][PASSED] - Check contain string successfully

2022-02-15 18:20:33 - [TEST_STEP][PASSED] - response4 = sendRequest(findTestObject("Object Repository/Trello/Update card", ["urlCard":url_Card, "idCard":idCardVar, "updatedCardName":updatedCardNameVar, "description":addDesciptionToCard])): Send request successfully

2022-02-15 18:20:34 - [MESSAGE][INFO] - HAR: D:\Optimworks\Katalone\Api\katalon-studio-api\Reports\20220215_182011\Trello\20220215_182011\requests\main\12.har

2022-02-15 18:20:34 - [MESSAGE][PASSED] - Send request successfully

2022-02-15 18:20:34 - [TEST_STEP][PASSED] - verifyResponseStatusCode(response4, 200, CONTINUE_ON_FAILURE): Verify response status code successfully

2022-02-15 18:20:34 - [MESSAGE][PASSED] - Verify response status code successfully

2022-02-15 18:20:34 - [TEST_STEP][PASSED] - containsString(response4, updatedCardNameVar, false, CONTINUE_ON_FAILURE): Check contain string successfully

2022-02-15 18:20:34 - [MESSAGE][PASSED] - Check contain string successfully]]></system-out>
         <system-err><![CDATA[]]></system-err>
      </testcase>
      <testcase name="Test Cases/Trello Api Automation/TC05 Create a List - Get the data from List - Update the List - Archive the List" time="4.066" classname="Test Cases/Trello Api Automation/TC05 Create a List - Get the data from List - Update the List - Archive the List" status="PASSED">
         <system-out><![CDATA[2022-02-15 18:20:34 - [TEST_CASE][PASSED] - Test Cases/Trello Api Automation/TC05 Create a List - Get the data from List - Update the List - Archive the List: Test Cases/Trello Api Automation/TC05 Create a List - Get the data from List - Update the List - Archive the List

2022-02-15 18:20:34 - [TEST_STEP][PASSED] - boardNameVar = "Update the List": null

2022-02-15 18:20:34 - [TEST_STEP][PASSED] - nameofListVar = "List": null

2022-02-15 18:20:34 - [TEST_STEP][PASSED] - updateNameVar = "List name updated": null

2022-02-15 18:20:34 - [TEST_STEP][PASSED] - createListRespMsg = ""name":"List1"": null

2022-02-15 18:20:34 - [TEST_STEP][PASSED] - archiveListRespMsg = ""closed":true": null

2022-02-15 18:20:34 - [TEST_STEP][PASSED] - response = sendRequest(findTestObject("Trello/Board Creation", ["urlBoard":url_Board, "boardName":boardNameVar])): Send request successfully

2022-02-15 18:20:35 - [MESSAGE][INFO] - HAR: D:\Optimworks\Katalone\Api\katalon-studio-api\Reports\20220215_182011\Trello\20220215_182011\requests\main\13.har

2022-02-15 18:20:35 - [MESSAGE][PASSED] - Send request successfully

2022-02-15 18:20:35 - [TEST_STEP][PASSED] - verifyResponseStatusCode(response, 200, CONTINUE_ON_FAILURE): Verify response status code successfully

2022-02-15 18:20:35 - [MESSAGE][PASSED] - Verify response status code successfully

2022-02-15 18:20:35 - [TEST_STEP][PASSED] - idBoardVar = getElementPropertyValue(response, "id", CONTINUE_ON_FAILURE): null

2022-02-15 18:20:35 - [TEST_STEP][PASSED] - containsString(response, boardNameVar, false, CONTINUE_ON_FAILURE): Check contain string successfully

2022-02-15 18:20:35 - [MESSAGE][PASSED] - Check contain string successfully

2022-02-15 18:20:35 - [TEST_STEP][PASSED] - response1 = sendRequest(findTestObject("Trello/List/Create a new list", ["urlList":url_List, "nameofList":nameofListVar, "idBoard":idBoardVar])): Send request successfully

2022-02-15 18:20:36 - [MESSAGE][INFO] - HAR: D:\Optimworks\Katalone\Api\katalon-studio-api\Reports\20220215_182011\Trello\20220215_182011\requests\main\14.har

2022-02-15 18:20:36 - [MESSAGE][PASSED] - Send request successfully

2022-02-15 18:20:36 - [TEST_STEP][PASSED] - verifyResponseStatusCode(response1, 200, CONTINUE_ON_FAILURE): Verify response status code successfully

2022-02-15 18:20:36 - [MESSAGE][PASSED] - Verify response status code successfully

2022-02-15 18:20:36 - [TEST_STEP][PASSED] - containsString(response1, nameofListVar, false, CONTINUE_ON_FAILURE): Check contain string successfully

2022-02-15 18:20:36 - [MESSAGE][PASSED] - Check contain string successfully

2022-02-15 18:20:36 - [TEST_STEP][PASSED] - listIdVar = getElementPropertyValue(response1, "id", CONTINUE_ON_FAILURE): null

2022-02-15 18:20:36 - [TEST_STEP][PASSED] - response2 = sendRequest(findTestObject("Trello/List/Get data from list", ["urlList":url_List, "ListId":listIdVar])): Send request successfully

2022-02-15 18:20:36 - [MESSAGE][INFO] - HAR: D:\Optimworks\Katalone\Api\katalon-studio-api\Reports\20220215_182011\Trello\20220215_182011\requests\main\15.har

2022-02-15 18:20:36 - [MESSAGE][PASSED] - Send request successfully

2022-02-15 18:20:36 - [TEST_STEP][PASSED] - verifyResponseStatusCode(response2, 200, CONTINUE_ON_FAILURE): Verify response status code successfully

2022-02-15 18:20:36 - [MESSAGE][PASSED] - Verify response status code successfully

2022-02-15 18:20:36 - [TEST_STEP][PASSED] - getData = response2.getResponseText(): null

2022-02-15 18:20:36 - [TEST_STEP][PASSED] - print("
	" + getData + "
	"): null

2022-02-15 18:20:36 - [TEST_STEP][PASSED] - getListDataRespMsg = getElementPropertyValue(response2, "name", CONTINUE_ON_FAILURE): null

2022-02-15 18:20:36 - [TEST_STEP][PASSED] - containsString(response2, getListDataRespMsg, false, CONTINUE_ON_FAILURE): Check contain string successfully

2022-02-15 18:20:36 - [MESSAGE][PASSED] - Check contain string successfully

2022-02-15 18:20:36 - [TEST_STEP][PASSED] - response3 = sendRequest(findTestObject("Trello/List/Update List", ["updateName":updateNameVar, "urlList":url_List, "ListId":listIdVar])): Send request successfully

2022-02-15 18:20:37 - [MESSAGE][INFO] - HAR: D:\Optimworks\Katalone\Api\katalon-studio-api\Reports\20220215_182011\Trello\20220215_182011\requests\main\16.har

2022-02-15 18:20:37 - [MESSAGE][PASSED] - Send request successfully

2022-02-15 18:20:37 - [TEST_STEP][PASSED] - verifyResponseStatusCode(response3, 200, CONTINUE_ON_FAILURE): Verify response status code successfully

2022-02-15 18:20:37 - [MESSAGE][PASSED] - Verify response status code successfully

2022-02-15 18:20:37 - [TEST_STEP][PASSED] - containsString(response3, updateNameVar, false, CONTINUE_ON_FAILURE): Check contain string successfully

2022-02-15 18:20:37 - [MESSAGE][PASSED] - Check contain string successfully

2022-02-15 18:20:37 - [TEST_STEP][PASSED] - response4 = sendRequest(findTestObject("Trello/List/Archive a list", ["urlList":url_List, "ListId":listIdVar])): Send request successfully

2022-02-15 18:20:38 - [MESSAGE][INFO] - HAR: D:\Optimworks\Katalone\Api\katalon-studio-api\Reports\20220215_182011\Trello\20220215_182011\requests\main\17.har

2022-02-15 18:20:38 - [MESSAGE][PASSED] - Send request successfully

2022-02-15 18:20:38 - [TEST_STEP][PASSED] - verifyResponseStatusCode(response4, 200, CONTINUE_ON_FAILURE): Verify response status code successfully

2022-02-15 18:20:38 - [MESSAGE][PASSED] - Verify response status code successfully]]></system-out>
         <system-err><![CDATA[]]></system-err>
      </testcase>
      <testcase name="Test Cases/Trello Api Automation/TC06 Create a Checklist on a Card - Get Checklist on a Card - Delete a Checklist on a Card" time="6.735" classname="Test Cases/Trello Api Automation/TC06 Create a Checklist on a Card - Get Checklist on a Card - Delete a Checklist on a Card" status="PASSED">
         <system-out><![CDATA[2022-02-15 18:20:38 - [TEST_CASE][PASSED] - Test Cases/Trello Api Automation/TC06 Create a Checklist on a Card - Get Checklist on a Card - Delete a Checklist on a Card: Test Cases/Trello Api Automation/TC06 Create a Checklist on a Card - Get Checklist on a Card - Delete a Checklist on a Card

2022-02-15 18:20:38 - [TEST_STEP][PASSED] - boardNameVar = "Create a Card Checklist": null

2022-02-15 18:20:38 - [TEST_STEP][PASSED] - nameofListVar = "List": null

2022-02-15 18:20:38 - [TEST_STEP][PASSED] - cardNameVar = "My Card": null

2022-02-15 18:20:38 - [TEST_STEP][PASSED] - getChecklistItemRespMsg = "complete": null

2022-02-15 18:20:38 - [TEST_STEP][PASSED] - checklistNameVar = "Todo": null

2022-02-15 18:20:38 - [TEST_STEP][PASSED] - response1 = sendRequest(findTestObject("Trello/Board Creation", ["urlBoard":url_Board, "boardName":boardNameVar])): Send request successfully

2022-02-15 18:20:40 - [MESSAGE][INFO] - HAR: D:\Optimworks\Katalone\Api\katalon-studio-api\Reports\20220215_182011\Trello\20220215_182011\requests\main\18.har

2022-02-15 18:20:40 - [MESSAGE][PASSED] - Send request successfully

2022-02-15 18:20:40 - [TEST_STEP][PASSED] - verifyResponseStatusCode(response1, 200, CONTINUE_ON_FAILURE): Verify response status code successfully

2022-02-15 18:20:40 - [MESSAGE][PASSED] - Verify response status code successfully

2022-02-15 18:20:40 - [TEST_STEP][PASSED] - idBoardVar = getElementPropertyValue(response1, "id", CONTINUE_ON_FAILURE): null

2022-02-15 18:20:40 - [TEST_STEP][PASSED] - containsString(response1, boardNameVar, false, CONTINUE_ON_FAILURE): Check contain string successfully

2022-02-15 18:20:40 - [MESSAGE][PASSED] - Check contain string successfully

2022-02-15 18:20:40 - [TEST_STEP][PASSED] - response2 = sendRequest(findTestObject("Trello/List/Create a new list", ["urlList":url_List, "nameofList":nameofListVar, "idBoard":idBoardVar])): Send request successfully

2022-02-15 18:20:40 - [MESSAGE][INFO] - HAR: D:\Optimworks\Katalone\Api\katalon-studio-api\Reports\20220215_182011\Trello\20220215_182011\requests\main\19.har

2022-02-15 18:20:40 - [MESSAGE][PASSED] - Send request successfully

2022-02-15 18:20:40 - [TEST_STEP][PASSED] - verifyResponseStatusCode(response2, 200, CONTINUE_ON_FAILURE): Verify response status code successfully

2022-02-15 18:20:40 - [MESSAGE][PASSED] - Verify response status code successfully

2022-02-15 18:20:40 - [TEST_STEP][PASSED] - listIdVar = getElementPropertyValue(response2, "id", CONTINUE_ON_FAILURE): null

2022-02-15 18:20:40 - [TEST_STEP][PASSED] - containsString(response2, nameofListVar, false, CONTINUE_ON_FAILURE): Check contain string successfully

2022-02-15 18:20:40 - [MESSAGE][PASSED] - Check contain string successfully

2022-02-15 18:20:40 - [TEST_STEP][PASSED] - response3 = sendRequest(findTestObject("Trello/Create card", ["urlCard":url_Card, "listId":listIdVar, "cardName":cardNameVar])): Send request successfully

2022-02-15 18:20:41 - [MESSAGE][INFO] - HAR: D:\Optimworks\Katalone\Api\katalon-studio-api\Reports\20220215_182011\Trello\20220215_182011\requests\main\20.har

2022-02-15 18:20:41 - [MESSAGE][PASSED] - Send request successfully

2022-02-15 18:20:41 - [TEST_STEP][PASSED] - verifyResponseStatusCode(response3, 200, CONTINUE_ON_FAILURE): Verify response status code successfully

2022-02-15 18:20:41 - [MESSAGE][PASSED] - Verify response status code successfully

2022-02-15 18:20:41 - [TEST_STEP][PASSED] - idCardVar = getElementPropertyValue(response3, "id", CONTINUE_ON_FAILURE): null

2022-02-15 18:20:41 - [TEST_STEP][PASSED] - containsString(response3, cardNameVar, false, CONTINUE_ON_FAILURE): Check contain string successfully

2022-02-15 18:20:41 - [MESSAGE][PASSED] - Check contain string successfully

2022-02-15 18:20:41 - [TEST_STEP][PASSED] - response4 = sendRequest(findTestObject("Trello/Checklist on Card/Create Checklist on card", ["urlCard":url_Card, "idCard":idCardVar, "checklistName":checklistNameVar])): Send request successfully

2022-02-15 18:20:43 - [MESSAGE][INFO] - HAR: D:\Optimworks\Katalone\Api\katalon-studio-api\Reports\20220215_182011\Trello\20220215_182011\requests\main\21.har

2022-02-15 18:20:43 - [MESSAGE][PASSED] - Send request successfully

2022-02-15 18:20:43 - [TEST_STEP][PASSED] - verifyResponseStatusCode(response4, 200, CONTINUE_ON_FAILURE): Verify response status code successfully

2022-02-15 18:20:43 - [MESSAGE][PASSED] - Verify response status code successfully

2022-02-15 18:20:43 - [TEST_STEP][PASSED] - idChecklistVar = getElementPropertyValue(response4, "id", CONTINUE_ON_FAILURE): null

2022-02-15 18:20:43 - [TEST_STEP][PASSED] - response5 = sendRequest(findTestObject("Trello/Checklist on Card/Get Checklist Item", ["urlCard":url_Card, "idCard":idCardVar])): Send request successfully

2022-02-15 18:20:44 - [MESSAGE][INFO] - HAR: D:\Optimworks\Katalone\Api\katalon-studio-api\Reports\20220215_182011\Trello\20220215_182011\requests\main\22.har

2022-02-15 18:20:44 - [MESSAGE][PASSED] - Send request successfully

2022-02-15 18:20:44 - [TEST_STEP][PASSED] - verifyResponseStatusCode(response5, 200, CONTINUE_ON_FAILURE): Verify response status code successfully

2022-02-15 18:20:44 - [MESSAGE][PASSED] - Verify response status code successfully

2022-02-15 18:20:44 - [TEST_STEP][PASSED] - containsString(response5, checklistNameVar, false, CONTINUE_ON_FAILURE): Check contain string successfully

2022-02-15 18:20:44 - [MESSAGE][PASSED] - Check contain string successfully

2022-02-15 18:20:44 - [TEST_STEP][PASSED] - response6 = sendRequest(findTestObject("Trello/Checklist on Card/Delete a Checklist on a Card", ["urlCard":url_Card, "idCard":idCardVar, "idChecklist":idChecklistVar])): Send request successfully

2022-02-15 18:20:45 - [MESSAGE][INFO] - HAR: D:\Optimworks\Katalone\Api\katalon-studio-api\Reports\20220215_182011\Trello\20220215_182011\requests\main\23.har

2022-02-15 18:20:45 - [MESSAGE][PASSED] - Send request successfully

2022-02-15 18:20:45 - [TEST_STEP][PASSED] - verifyResponseStatusCode(response6, 200, CONTINUE_ON_FAILURE): Verify response status code successfully

2022-02-15 18:20:45 - [MESSAGE][PASSED] - Verify response status code successfully]]></system-out>
         <system-err><![CDATA[]]></system-err>
      </testcase>
      <testcase name="Test Cases/Trello Api Automation/TC07 Create Checkitem in a Checklist - Get a Checkitem - Update the Checkitem - Delete a Checkitem" time="5.916" classname="Test Cases/Trello Api Automation/TC07 Create Checkitem in a Checklist - Get a Checkitem - Update the Checkitem - Delete a Checkitem" status="PASSED">
         <system-out><![CDATA[2022-02-15 18:20:45 - [TEST_CASE][PASSED] - Test Cases/Trello Api Automation/TC07 Create Checkitem in a Checklist - Get a Checkitem - Update the Checkitem - Delete a Checkitem: Test Cases/Trello Api Automation/TC07 Create Checkitem in a Checklist - Get a Checkitem - Update the Checkitem - Delete a Checkitem

2022-02-15 18:20:45 - [TEST_STEP][PASSED] - boardNameVar = "Create a Card Checkitem": null

2022-02-15 18:20:45 - [TEST_STEP][PASSED] - nameofListVar = "List": null

2022-02-15 18:20:45 - [TEST_STEP][PASSED] - cardNameVar = "My Card": null

2022-02-15 18:20:45 - [TEST_STEP][PASSED] - getChecklistItemRespMsg = "complete": null

2022-02-15 18:20:45 - [TEST_STEP][PASSED] - checklistNameVar = "Todo": null

2022-02-15 18:20:45 - [TEST_STEP][PASSED] - nameCheckitemVar = "Task-1": null

2022-02-15 18:20:45 - [TEST_STEP][PASSED] - updatedNameVar = "Todo Task -1": null

2022-02-15 18:20:45 - [TEST_STEP][PASSED] - updatedStateVar = "complete": null

2022-02-15 18:20:45 - [TEST_STEP][PASSED] - response1 = sendRequest(findTestObject("Trello/Board Creation", ["urlBoard":url_Board, "boardName":boardNameVar])): Send request successfully

2022-02-15 18:20:46 - [MESSAGE][INFO] - HAR: D:\Optimworks\Katalone\Api\katalon-studio-api\Reports\20220215_182011\Trello\20220215_182011\requests\main\24.har

2022-02-15 18:20:46 - [MESSAGE][PASSED] - Send request successfully

2022-02-15 18:20:46 - [TEST_STEP][PASSED] - verifyResponseStatusCode(response1, 200, CONTINUE_ON_FAILURE): Verify response status code successfully

2022-02-15 18:20:46 - [MESSAGE][PASSED] - Verify response status code successfully

2022-02-15 18:20:46 - [TEST_STEP][PASSED] - idBoardVar = getElementPropertyValue(response1, "id", CONTINUE_ON_FAILURE): null

2022-02-15 18:20:46 - [TEST_STEP][PASSED] - containsString(response1, boardNameVar, false, CONTINUE_ON_FAILURE): Check contain string successfully

2022-02-15 18:20:46 - [MESSAGE][PASSED] - Check contain string successfully

2022-02-15 18:20:46 - [TEST_STEP][PASSED] - response2 = sendRequest(findTestObject("Trello/List/Create a new list", ["urlList":url_List, "nameofList":nameofListVar, "idBoard":idBoardVar])): Send request successfully

2022-02-15 18:20:47 - [MESSAGE][INFO] - HAR: D:\Optimworks\Katalone\Api\katalon-studio-api\Reports\20220215_182011\Trello\20220215_182011\requests\main\25.har

2022-02-15 18:20:47 - [MESSAGE][PASSED] - Send request successfully

2022-02-15 18:20:47 - [TEST_STEP][PASSED] - verifyResponseStatusCode(response2, 200, CONTINUE_ON_FAILURE): Verify response status code successfully

2022-02-15 18:20:47 - [MESSAGE][PASSED] - Verify response status code successfully

2022-02-15 18:20:47 - [TEST_STEP][PASSED] - listIdVar = getElementPropertyValue(response2, "id", CONTINUE_ON_FAILURE): null

2022-02-15 18:20:47 - [TEST_STEP][PASSED] - containsString(response2, nameofListVar, false, CONTINUE_ON_FAILURE): Check contain string successfully

2022-02-15 18:20:47 - [MESSAGE][PASSED] - Check contain string successfully

2022-02-15 18:20:47 - [TEST_STEP][PASSED] - response3 = sendRequest(findTestObject("Trello/Create card", ["urlCard":url_Card, "listId":listIdVar, "cardName":cardNameVar])): Send request successfully

2022-02-15 18:20:47 - [MESSAGE][INFO] - HAR: D:\Optimworks\Katalone\Api\katalon-studio-api\Reports\20220215_182011\Trello\20220215_182011\requests\main\26.har

2022-02-15 18:20:47 - [MESSAGE][PASSED] - Send request successfully

2022-02-15 18:20:47 - [TEST_STEP][PASSED] - verifyResponseStatusCode(response3, 200, CONTINUE_ON_FAILURE): Verify response status code successfully

2022-02-15 18:20:47 - [MESSAGE][PASSED] - Verify response status code successfully

2022-02-15 18:20:47 - [TEST_STEP][PASSED] - idCardVar = getElementPropertyValue(response3, "id", CONTINUE_ON_FAILURE): null

2022-02-15 18:20:47 - [TEST_STEP][PASSED] - containsString(response3, cardNameVar, false, CONTINUE_ON_FAILURE): Check contain string successfully

2022-02-15 18:20:47 - [MESSAGE][PASSED] - Check contain string successfully

2022-02-15 18:20:47 - [TEST_STEP][PASSED] - response4 = sendRequest(findTestObject("Trello/Checklist on Card/Create Checklist on card", ["urlCard":url_Card, "idCard":idCardVar, "checklistName":checklistNameVar])): Send request successfully

2022-02-15 18:20:48 - [MESSAGE][INFO] - HAR: D:\Optimworks\Katalone\Api\katalon-studio-api\Reports\20220215_182011\Trello\20220215_182011\requests\main\27.har

2022-02-15 18:20:48 - [MESSAGE][PASSED] - Send request successfully

2022-02-15 18:20:48 - [TEST_STEP][PASSED] - verifyResponseStatusCode(response4, 200, CONTINUE_ON_FAILURE): Verify response status code successfully

2022-02-15 18:20:48 - [MESSAGE][PASSED] - Verify response status code successfully

2022-02-15 18:20:48 - [TEST_STEP][PASSED] - idChecklistVar = getElementPropertyValue(response4, "id", CONTINUE_ON_FAILURE): null

2022-02-15 18:20:48 - [TEST_STEP][PASSED] - data = response4.getResponseText(): null

2022-02-15 18:20:48 - [TEST_STEP][PASSED] - print("
	" + data + "
	"): null

2022-02-15 18:20:48 - [TEST_STEP][PASSED] - containsString(response4, checklistNameVar, false, CONTINUE_ON_FAILURE): Check contain string successfully

2022-02-15 18:20:48 - [MESSAGE][PASSED] - Check contain string successfully

2022-02-15 18:20:48 - [TEST_STEP][PASSED] - response5 = sendRequest(findTestObject("Trello/Checkitems in a checklists on a card/Create Checkitem on Checklist", ["idChecklist":idChecklistVar, "nameCheckitem":nameCheckitemVar])): Send request successfully

2022-02-15 18:20:49 - [MESSAGE][INFO] - HAR: D:\Optimworks\Katalone\Api\katalon-studio-api\Reports\20220215_182011\Trello\20220215_182011\requests\main\28.har

2022-02-15 18:20:49 - [MESSAGE][PASSED] - Send request successfully

2022-02-15 18:20:49 - [TEST_STEP][PASSED] - verifyResponseStatusCode(response5, 200, CONTINUE_ON_FAILURE): Verify response status code successfully

2022-02-15 18:20:49 - [MESSAGE][PASSED] - Verify response status code successfully

2022-02-15 18:20:49 - [TEST_STEP][PASSED] - idCheckitemVar = getElementPropertyValue(response5, "id", CONTINUE_ON_FAILURE): null

2022-02-15 18:20:49 - [TEST_STEP][PASSED] - containsString(response5, nameCheckitemVar, false, CONTINUE_ON_FAILURE): Check contain string successfully

2022-02-15 18:20:49 - [MESSAGE][PASSED] - Check contain string successfully

2022-02-15 18:20:49 - [TEST_STEP][PASSED] - response6 = sendRequest(findTestObject("Trello/Checkitems in a checklists on a card/Update a Checkitem on a Card", ["urlCard":url_Card, "idCard":idCardVar, "idCheckitem":idCheckitemVar, "updatedName":updatedNameVar, "updatedState":updatedStateVar])): Send request successfully

2022-02-15 18:20:50 - [MESSAGE][INFO] - HAR: D:\Optimworks\Katalone\Api\katalon-studio-api\Reports\20220215_182011\Trello\20220215_182011\requests\main\29.har

2022-02-15 18:20:50 - [MESSAGE][PASSED] - Send request successfully

2022-02-15 18:20:50 - [TEST_STEP][PASSED] - verifyResponseStatusCode(response6, 200, CONTINUE_ON_FAILURE): Verify response status code successfully

2022-02-15 18:20:50 - [MESSAGE][PASSED] - Verify response status code successfully

2022-02-15 18:20:50 - [TEST_STEP][PASSED] - containsString(response6, updatedNameVar, false, CONTINUE_ON_FAILURE): Check contain string successfully

2022-02-15 18:20:50 - [MESSAGE][PASSED] - Check contain string successfully

2022-02-15 18:20:50 - [TEST_STEP][PASSED] - response7 = sendRequest(findTestObject("Trello/Checkitems in a checklists on a card/Delete a Checkitem", ["urlCard":url_Card, "idCard":idCardVar, "idCheckitem":idCheckitemVar])): Send request successfully

2022-02-15 18:20:51 - [MESSAGE][INFO] - HAR: D:\Optimworks\Katalone\Api\katalon-studio-api\Reports\20220215_182011\Trello\20220215_182011\requests\main\30.har

2022-02-15 18:20:51 - [MESSAGE][PASSED] - Send request successfully

2022-02-15 18:20:51 - [TEST_STEP][PASSED] - verifyResponseStatusCode(response7, 200, CONTINUE_ON_FAILURE): Verify response status code successfully

2022-02-15 18:20:51 - [MESSAGE][PASSED] - Verify response status code successfully]]></system-out>
         <system-err><![CDATA[]]></system-err>
      </testcase>
      <system-out><![CDATA[2022-02-15 18:20:19 - [TEST_SUITE][FAILED] - Trello: Test Cases/Trello Api Automation/TC01 Login - Board Creation - Logout FAILED.
Reason:
com.kms.katalon.core.exception.StepFailedException: Expected status code is '200' but actual status code is '400'
	at com.kms.katalon.core.keyword.internal.KeywordMain.stepFailed(KeywordMain.groovy:39)
	at com.kms.katalon.core.webservice.keyword.builtin.VerifyResponseStatusCodeKeyword.verifyStatusCode(VerifyResponseStatusCodeKeyword.groovy:52)
	at com.kms.katalon.core.webservice.keyword.builtin.VerifyResponseStatusCodeKeyword.access$1(VerifyResponseStatusCodeKeyword.groovy)
	at com.kms.katalon.core.webservice.keyword.builtin.VerifyResponseStatusCodeKeyword$_verifyResponseStatusCode_closure1.doCall(VerifyResponseStatusCodeKeyword.groovy:42)
	at com.kms.katalon.core.webservice.keyword.builtin.VerifyResponseStatusCodeKeyword$_verifyResponseStatusCode_closure1.call(VerifyResponseStatusCodeKeyword.groovy)
	at com.kms.katalon.core.keyword.internal.KeywordMain.runKeyword(KeywordMain.groovy:74)
	at com.kms.katalon.core.webservice.keyword.builtin.VerifyResponseStatusCodeKeyword.verifyResponseStatusCode(VerifyResponseStatusCodeKeyword.groovy:37)
	at com.kms.katalon.core.webservice.keyword.builtin.VerifyResponseStatusCodeKeyword.execute(VerifyResponseStatusCodeKeyword.groovy:32)
	at com.kms.katalon.core.keyword.internal.KeywordExecutor.executeKeywordForPlatform(KeywordExecutor.groovy:74)
	at com.kms.katalon.core.webservice.keyword.WSBuiltInKeywords.verifyResponseStatusCode(WSBuiltInKeywords.groovy:330)
	at com.kms.katalon.core.webservice.keyword.WSBuiltInKeywords$verifyResponseStatusCode$0.call(Unknown Source)
	at TC01 Login - Board Creation - Logout.run(TC01 Login - Board Creation - Logout:41)
	at com.kms.katalon.core.main.ScriptEngine.run(ScriptEngine.java:194)
	at com.kms.katalon.core.main.ScriptEngine.runScriptAsRawText(ScriptEngine.java:119)
	at com.kms.katalon.core.main.TestCaseExecutor.runScript(TestCaseExecutor.java:442)
	at com.kms.katalon.core.main.TestCaseExecutor.doExecute(TestCaseExecutor.java:433)
	at com.kms.katalon.core.main.TestCaseExecutor.processExecutionPhase(TestCaseExecutor.java:412)
	at com.kms.katalon.core.main.TestCaseExecutor.accessMainPhase(TestCaseExecutor.java:404)
	at com.kms.katalon.core.main.TestCaseExecutor.execute(TestCaseExecutor.java:281)
	at com.kms.katalon.core.main.TestSuiteExecutor.accessTestCaseMainPhase(TestSuiteExecutor.java:202)
	at com.kms.katalon.core.main.TestSuiteExecutor.accessTestSuiteMainPhase(TestSuiteExecutor.java:164)
	at com.kms.katalon.core.main.TestSuiteExecutor.execute(TestSuiteExecutor.java:105)
	at com.kms.katalon.core.main.TestCaseMain.startTestSuite(TestCaseMain.java:185)
	at com.kms.katalon.core.main.TestCaseMain$startTestSuite$0.call(Unknown Source)
	at TempTestSuite1644929411024.run(TempTestSuite1644929411024.groovy:36)]]></system-out>
      <system-err><![CDATA[2022-02-15 18:20:19 - [TEST_SUITE][FAILED] - Trello: Test Cases/Trello Api Automation/TC01 Login - Board Creation - Logout FAILED.
Reason:
com.kms.katalon.core.exception.StepFailedException: Expected status code is '200' but actual status code is '400'
	at com.kms.katalon.core.keyword.internal.KeywordMain.stepFailed(KeywordMain.groovy:39)
	at com.kms.katalon.core.webservice.keyword.builtin.VerifyResponseStatusCodeKeyword.verifyStatusCode(VerifyResponseStatusCodeKeyword.groovy:52)
	at com.kms.katalon.core.webservice.keyword.builtin.VerifyResponseStatusCodeKeyword.access$1(VerifyResponseStatusCodeKeyword.groovy)
	at com.kms.katalon.core.webservice.keyword.builtin.VerifyResponseStatusCodeKeyword$_verifyResponseStatusCode_closure1.doCall(VerifyResponseStatusCodeKeyword.groovy:42)
	at com.kms.katalon.core.webservice.keyword.builtin.VerifyResponseStatusCodeKeyword$_verifyResponseStatusCode_closure1.call(VerifyResponseStatusCodeKeyword.groovy)
	at com.kms.katalon.core.keyword.internal.KeywordMain.runKeyword(KeywordMain.groovy:74)
	at com.kms.katalon.core.webservice.keyword.builtin.VerifyResponseStatusCodeKeyword.verifyResponseStatusCode(VerifyResponseStatusCodeKeyword.groovy:37)
	at com.kms.katalon.core.webservice.keyword.builtin.VerifyResponseStatusCodeKeyword.execute(VerifyResponseStatusCodeKeyword.groovy:32)
	at com.kms.katalon.core.keyword.internal.KeywordExecutor.executeKeywordForPlatform(KeywordExecutor.groovy:74)
	at com.kms.katalon.core.webservice.keyword.WSBuiltInKeywords.verifyResponseStatusCode(WSBuiltInKeywords.groovy:330)
	at com.kms.katalon.core.webservice.keyword.WSBuiltInKeywords$verifyResponseStatusCode$0.call(Unknown Source)
	at TC01 Login - Board Creation - Logout.run(TC01 Login - Board Creation - Logout:41)
	at com.kms.katalon.core.main.ScriptEngine.run(ScriptEngine.java:194)
	at com.kms.katalon.core.main.ScriptEngine.runScriptAsRawText(ScriptEngine.java:119)
	at com.kms.katalon.core.main.TestCaseExecutor.runScript(TestCaseExecutor.java:442)
	at com.kms.katalon.core.main.TestCaseExecutor.doExecute(TestCaseExecutor.java:433)
	at com.kms.katalon.core.main.TestCaseExecutor.processExecutionPhase(TestCaseExecutor.java:412)
	at com.kms.katalon.core.main.TestCaseExecutor.accessMainPhase(TestCaseExecutor.java:404)
	at com.kms.katalon.core.main.TestCaseExecutor.execute(TestCaseExecutor.java:281)
	at com.kms.katalon.core.main.TestSuiteExecutor.accessTestCaseMainPhase(TestSuiteExecutor.java:202)
	at com.kms.katalon.core.main.TestSuiteExecutor.accessTestSuiteMainPhase(TestSuiteExecutor.java:164)
	at com.kms.katalon.core.main.TestSuiteExecutor.execute(TestSuiteExecutor.java:105)
	at com.kms.katalon.core.main.TestCaseMain.startTestSuite(TestCaseMain.java:185)
	at com.kms.katalon.core.main.TestCaseMain$startTestSuite$0.call(Unknown Source)
	at TempTestSuite1644929411024.run(TempTestSuite1644929411024.groovy:36)]]></system-err>
   </testsuite>
</testsuites>
