<?xml version="1.0" encoding="UTF-8"?>
<testsuites name="Trello" time="29.689" tests="7" failures="0" errors="0">
   <testsuite name="Trello" tests="7" failures="0" errors="0" time="29.689" skipped="0" timestamp="2022-02-09 19:25:02" hostname="Admin - DESKTOP-9GOD9GI" id="Test Suites/Trello">
      <properties>
         <property name="deviceName" value=""/>
         <property name="devicePlatform" value=""/>
         <property name="logFolder" value="D:\\Optimworks\\Katalone\\Api\\katalon-studio-api\\Reports\\20220209_192455\\Trello\\20220209_192455"/>
         <property name="logFiles" value="D:\\Optimworks\\Katalone\\Api\\katalon-studio-api\\Reports\\20220209_192455\\Trello\\20220209_192455\\execution0.log"/>
         <property name="attachments" value=""/>
         <property name="hostName" value="Admin - DESKTOP-9GOD9GI"/>
         <property name="hostAddress" value="192.168.0.131"/>
         <property name="os" value="Windows 10 64bit"/>
         <property name="katalonVersion" value="8.2.5.208"/>
      </properties>
      <testcase name="Test Cases/Trello Api Automation/TC01 Login - Board Creation - Logout" time="4.372" classname="Test Cases/Trello Api Automation/TC01 Login - Board Creation - Logout" status="PASSED">
         <system-out><![CDATA[2022-02-09 19:25:02 - [TEST_CASE][PASSED] - Test Cases/Trello Api Automation/TC01 Login - Board Creation - Logout: Test Cases/Trello Api Automation/TC01 Login - Board Creation - Logout

2022-02-09 19:25:03 - [TEST_STEP][PASSED] - emailVar = "nikhil.tadi@gmail.com": null

2022-02-09 19:25:03 - [TEST_STEP][PASSED] - passwordVar = "bunny007": null

2022-02-09 19:25:03 - [TEST_STEP][PASSED] - boardNameVar = "Trello Board Creation ": null

2022-02-09 19:25:03 - [TEST_STEP][PASSED] - response = sendRequest(findTestObject("Trello/login", ["url":trello_url, "email":emailVar, "password":passwordVar])): Send request successfully

2022-02-09 19:25:05 - [MESSAGE][INFO] - HAR: D:\Optimworks\Katalone\Api\katalon-studio-api\Reports\20220209_192455\Trello\20220209_192455\requests\main\0.har

2022-02-09 19:25:05 - [MESSAGE][PASSED] - Send request successfully

2022-02-09 19:25:05 - [TEST_STEP][PASSED] - verifyResponseStatusCode(response, 200, CONTINUE_ON_FAILURE): Verify response status code successfully

2022-02-09 19:25:05 - [MESSAGE][PASSED] - Verify response status code successfully

2022-02-09 19:25:05 - [TEST_STEP][PASSED] - login_response = response.getResponseText(): null

2022-02-09 19:25:05 - [TEST_STEP][PASSED] - println(login_response): null

2022-02-09 19:25:05 - [TEST_STEP][PASSED] - response1 = sendRequest(findTestObject("Trello/Board Creation", ["urlBoard":url_Board, "boardName":boardNameVar])): Send request successfully

2022-02-09 19:25:06 - [MESSAGE][INFO] - HAR: D:\Optimworks\Katalone\Api\katalon-studio-api\Reports\20220209_192455\Trello\20220209_192455\requests\main\1.har

2022-02-09 19:25:06 - [MESSAGE][PASSED] - Send request successfully

2022-02-09 19:25:06 - [TEST_STEP][PASSED] - verifyResponseStatusCode(response1, 200, CONTINUE_ON_FAILURE): Verify response status code successfully

2022-02-09 19:25:06 - [MESSAGE][PASSED] - Verify response status code successfully

2022-02-09 19:25:06 - [TEST_STEP][PASSED] - idBoardVar = getElementPropertyValue(response1, "id", CONTINUE_ON_FAILURE): null

2022-02-09 19:25:06 - [TEST_STEP][PASSED] - board_response = response1.getResponseText(): null

2022-02-09 19:25:06 - [TEST_STEP][PASSED] - println("
	" + board_response + "
	"): null

2022-02-09 19:25:06 - [TEST_STEP][PASSED] - containsString(response1, boardNameVar, false, CONTINUE_ON_FAILURE): Check contain string successfully

2022-02-09 19:25:06 - [MESSAGE][PASSED] - Check contain string successfully

2022-02-09 19:25:06 - [TEST_STEP][PASSED] - response2 = sendRequest(findTestObject("Trello/logout")): Send request successfully

2022-02-09 19:25:07 - [MESSAGE][INFO] - HAR: D:\Optimworks\Katalone\Api\katalon-studio-api\Reports\20220209_192455\Trello\20220209_192455\requests\main\2.har

2022-02-09 19:25:07 - [MESSAGE][PASSED] - Send request successfully

2022-02-09 19:25:07 - [TEST_STEP][PASSED] - verifyResponseStatusCode(response2, 200, CONTINUE_ON_FAILURE): Verify response status code successfully

2022-02-09 19:25:07 - [MESSAGE][PASSED] - Verify response status code successfully

2022-02-09 19:25:07 - [TEST_STEP][PASSED] - logout_response = response2.getResponseText(): null

2022-02-09 19:25:07 - [TEST_STEP][PASSED] - println(logout_response): null]]></system-out>
         <system-err><![CDATA[]]></system-err>
      </testcase>
      <testcase name="Test Cases/Trello Api Automation/TC02 Login - Board Creation - List Creation - Card Creation - logout" time="5.081" classname="Test Cases/Trello Api Automation/TC02 Login - Board Creation - List Creation - Card Creation - logout" status="PASSED">
         <system-out><![CDATA[2022-02-09 19:25:07 - [TEST_CASE][PASSED] - Test Cases/Trello Api Automation/TC02 Login - Board Creation - List Creation - Card Creation - logout: Test Cases/Trello Api Automation/TC02 Login - Board Creation - List Creation - Card Creation - logout

2022-02-09 19:25:07 - [TEST_STEP][PASSED] - emailVar = "nikhil.tadi@gmail.com": null

2022-02-09 19:25:07 - [TEST_STEP][PASSED] - passwordVar = "bunny007": null

2022-02-09 19:25:07 - [TEST_STEP][PASSED] - boardNameVar = "Trello Api 1": null

2022-02-09 19:25:07 - [TEST_STEP][PASSED] - nameofListVar = "List1": null

2022-02-09 19:25:07 - [TEST_STEP][PASSED] - cardNameVar = "My card": null

2022-02-09 19:25:07 - [TEST_STEP][PASSED] - response = sendRequest(findTestObject("Trello/login", ["url":trello_url, "email":emailVar, "password":passwordVar])): Send request successfully

2022-02-09 19:25:08 - [MESSAGE][INFO] - HAR: D:\Optimworks\Katalone\Api\katalon-studio-api\Reports\20220209_192455\Trello\20220209_192455\requests\main\3.har

2022-02-09 19:25:08 - [MESSAGE][PASSED] - Send request successfully

2022-02-09 19:25:08 - [TEST_STEP][PASSED] - verifyResponseStatusCode(response, 200, CONTINUE_ON_FAILURE): Verify response status code successfully

2022-02-09 19:25:08 - [MESSAGE][PASSED] - Verify response status code successfully

2022-02-09 19:25:08 - [TEST_STEP][PASSED] - response1 = sendRequest(findTestObject("Trello/Board Creation", ["urlBoard":url_Board, "boardName":boardNameVar])): Send request successfully

2022-02-09 19:25:09 - [MESSAGE][INFO] - HAR: D:\Optimworks\Katalone\Api\katalon-studio-api\Reports\20220209_192455\Trello\20220209_192455\requests\main\4.har

2022-02-09 19:25:09 - [MESSAGE][PASSED] - Send request successfully

2022-02-09 19:25:09 - [TEST_STEP][PASSED] - verifyResponseStatusCode(response1, 200, CONTINUE_ON_FAILURE): Verify response status code successfully

2022-02-09 19:25:09 - [MESSAGE][PASSED] - Verify response status code successfully

2022-02-09 19:25:09 - [TEST_STEP][PASSED] - idBoardVar = getElementPropertyValue(response1, "id", CONTINUE_ON_FAILURE): null

2022-02-09 19:25:09 - [TEST_STEP][PASSED] - board_response = response1.getResponseText(): null

2022-02-09 19:25:09 - [TEST_STEP][PASSED] - println("
	" + board_response + "
	"): null

2022-02-09 19:25:09 - [TEST_STEP][PASSED] - response2 = sendRequest(findTestObject("Trello/List/Create a new list", ["urlList":url_List, "nameofList":nameofListVar, "idBoard":idBoardVar])): Send request successfully

2022-02-09 19:25:10 - [MESSAGE][INFO] - HAR: D:\Optimworks\Katalone\Api\katalon-studio-api\Reports\20220209_192455\Trello\20220209_192455\requests\main\5.har

2022-02-09 19:25:10 - [MESSAGE][PASSED] - Send request successfully

2022-02-09 19:25:10 - [TEST_STEP][PASSED] - verifyResponseStatusCode(response2, 200, CONTINUE_ON_FAILURE): Verify response status code successfully

2022-02-09 19:25:10 - [MESSAGE][PASSED] - Verify response status code successfully

2022-02-09 19:25:10 - [TEST_STEP][PASSED] - listIdVar = getElementPropertyValue(response2, "id", CONTINUE_ON_FAILURE): null

2022-02-09 19:25:10 - [TEST_STEP][PASSED] - response3 = sendRequest(findTestObject("Trello/Create card", ["urlCard":url_Card, "listId":listIdVar, "cardName":cardNameVar])): Send request successfully

2022-02-09 19:25:10 - [MESSAGE][INFO] - HAR: D:\Optimworks\Katalone\Api\katalon-studio-api\Reports\20220209_192455\Trello\20220209_192455\requests\main\6.har

2022-02-09 19:25:10 - [MESSAGE][PASSED] - Send request successfully

2022-02-09 19:25:10 - [TEST_STEP][PASSED] - verifyResponseStatusCode(response3, 200, CONTINUE_ON_FAILURE): Verify response status code successfully

2022-02-09 19:25:10 - [MESSAGE][PASSED] - Verify response status code successfully

2022-02-09 19:25:10 - [TEST_STEP][PASSED] - card_response = response3.getResponseText(): null

2022-02-09 19:25:10 - [TEST_STEP][PASSED] - println("
	" + card_response + "
	"): null

2022-02-09 19:25:10 - [TEST_STEP][PASSED] - response5 = sendRequest(findTestObject("Object Repository/Trello/Board Deletion", ["urlBoard":url_Board, "idBoard":idBoardVar])): Send request successfully

2022-02-09 19:25:11 - [MESSAGE][INFO] - HAR: D:\Optimworks\Katalone\Api\katalon-studio-api\Reports\20220209_192455\Trello\20220209_192455\requests\main\7.har

2022-02-09 19:25:11 - [MESSAGE][PASSED] - Send request successfully

2022-02-09 19:25:11 - [TEST_STEP][PASSED] - verifyResponseStatusCode(response5, 200, CONTINUE_ON_FAILURE): Verify response status code successfully

2022-02-09 19:25:11 - [MESSAGE][PASSED] - Verify response status code successfully

2022-02-09 19:25:11 - [TEST_STEP][PASSED] - response6 = sendRequest(findTestObject("Trello/logout")): Send request successfully

2022-02-09 19:25:12 - [MESSAGE][INFO] - HAR: D:\Optimworks\Katalone\Api\katalon-studio-api\Reports\20220209_192455\Trello\20220209_192455\requests\main\8.har

2022-02-09 19:25:12 - [MESSAGE][PASSED] - Send request successfully

2022-02-09 19:25:12 - [TEST_STEP][PASSED] - verifyResponseStatusCode(response6, 200, CONTINUE_ON_FAILURE): Verify response status code successfully

2022-02-09 19:25:12 - [MESSAGE][PASSED] - Verify response status code successfully]]></system-out>
         <system-err><![CDATA[]]></system-err>
      </testcase>
      <testcase name="Test Cases/Trello Api Automation/TC03 Board Creation - Update the Board" time="2.116" classname="Test Cases/Trello Api Automation/TC03 Board Creation - Update the Board" status="PASSED">
         <system-out><![CDATA[2022-02-09 19:25:12 - [TEST_CASE][PASSED] - Test Cases/Trello Api Automation/TC03 Board Creation - Update the Board: Test Cases/Trello Api Automation/TC03 Board Creation - Update the Board

2022-02-09 19:25:12 - [TEST_STEP][PASSED] - boardNameVar = "Update details of board": null

2022-02-09 19:25:12 - [TEST_STEP][PASSED] - updatedBoardNameVar = "Board Name Updated": null

2022-02-09 19:25:12 - [TEST_STEP][PASSED] - boardDescription = "I have updated the details of this board": null

2022-02-09 19:25:12 - [TEST_STEP][PASSED] - permissionLevelVar = "public": null

2022-02-09 19:25:12 - [TEST_STEP][PASSED] - backgroundColorVar = "red": null

2022-02-09 19:25:12 - [TEST_STEP][PASSED] - response = sendRequest(findTestObject("Trello/Board Creation", ["urlBoard":url_Board, "boardName":boardNameVar])): Send request successfully

2022-02-09 19:25:13 - [MESSAGE][INFO] - HAR: D:\Optimworks\Katalone\Api\katalon-studio-api\Reports\20220209_192455\Trello\20220209_192455\requests\main\9.har

2022-02-09 19:25:13 - [MESSAGE][PASSED] - Send request successfully

2022-02-09 19:25:13 - [TEST_STEP][PASSED] - verifyResponseStatusCode(response, 200, CONTINUE_ON_FAILURE): Verify response status code successfully

2022-02-09 19:25:13 - [MESSAGE][PASSED] - Verify response status code successfully

2022-02-09 19:25:13 - [TEST_STEP][PASSED] - idBoardVar = getElementPropertyValue(response, "id", CONTINUE_ON_FAILURE): null

2022-02-09 19:25:13 - [TEST_STEP][PASSED] - containsString(response, boardNameVar, false, CONTINUE_ON_FAILURE): Check contain string successfully

2022-02-09 19:25:13 - [MESSAGE][PASSED] - Check contain string successfully

2022-02-09 19:25:13 - [TEST_STEP][PASSED] - response1 = sendRequest(findTestObject("Object Repository/Trello/Update Board", ["urlBoard":url_Board, "updatedBoardName":updatedBoardNameVar, "idBoard":idBoardVar, "description":boardDescription, "permission":permissionLevelVar, ... ])): Send request successfully

2022-02-09 19:25:14 - [MESSAGE][INFO] - HAR: D:\Optimworks\Katalone\Api\katalon-studio-api\Reports\20220209_192455\Trello\20220209_192455\requests\main\10.har

2022-02-09 19:25:14 - [MESSAGE][PASSED] - Send request successfully

2022-02-09 19:25:14 - [TEST_STEP][PASSED] - verifyResponseStatusCode(response1, 200, CONTINUE_ON_FAILURE): Verify response status code successfully

2022-02-09 19:25:14 - [MESSAGE][PASSED] - Verify response status code successfully

2022-02-09 19:25:14 - [TEST_STEP][PASSED] - boardResponse = response1.getResponseText(): null

2022-02-09 19:25:14 - [TEST_STEP][PASSED] - println("
	" + boardResponse + "
	"): null

2022-02-09 19:25:14 - [TEST_STEP][PASSED] - containsString(response1, boardDescription, false, CONTINUE_ON_FAILURE): Check contain string successfully

2022-02-09 19:25:14 - [MESSAGE][PASSED] - Check contain string successfully]]></system-out>
         <system-err><![CDATA[]]></system-err>
      </testcase>
      <testcase name="Test Cases/Trello Api Automation/TC04 Board - List - Card - Update Card Details" time="3.504" classname="Test Cases/Trello Api Automation/TC04 Board - List - Card - Update Card Details" status="PASSED">
         <system-out><![CDATA[2022-02-09 19:25:14 - [TEST_CASE][PASSED] - Test Cases/Trello Api Automation/TC04 Board - List - Card - Update Card Details: Test Cases/Trello Api Automation/TC04 Board - List - Card - Update Card Details

2022-02-09 19:25:14 - [TEST_STEP][PASSED] - boardNameVar = "Updated Card Details": null

2022-02-09 19:25:14 - [TEST_STEP][PASSED] - nameofListVar = "My List": null

2022-02-09 19:25:14 - [TEST_STEP][PASSED] - cardNameVar = "My card": null

2022-02-09 19:25:14 - [TEST_STEP][PASSED] - updatedCardNameVar = "Update card name": null

2022-02-09 19:25:14 - [TEST_STEP][PASSED] - addDesciptionToCard = " Details of this card has been updated ": null

2022-02-09 19:25:14 - [TEST_STEP][PASSED] - response1 = sendRequest(findTestObject("Trello/Board Creation", ["urlBoard":url_Board, "boardName":boardNameVar])): Send request successfully

2022-02-09 19:25:15 - [MESSAGE][INFO] - HAR: D:\Optimworks\Katalone\Api\katalon-studio-api\Reports\20220209_192455\Trello\20220209_192455\requests\main\11.har

2022-02-09 19:25:15 - [MESSAGE][PASSED] - Send request successfully

2022-02-09 19:25:15 - [TEST_STEP][PASSED] - verifyResponseStatusCode(response1, 200, CONTINUE_ON_FAILURE): Verify response status code successfully

2022-02-09 19:25:15 - [MESSAGE][PASSED] - Verify response status code successfully

2022-02-09 19:25:15 - [TEST_STEP][PASSED] - idBoardVar = getElementPropertyValue(response1, "id", CONTINUE_ON_FAILURE): null

2022-02-09 19:25:15 - [TEST_STEP][PASSED] - board_response = response1.getResponseText(): null

2022-02-09 19:25:15 - [TEST_STEP][PASSED] - println("
	" + board_response + "
	"): null

2022-02-09 19:25:15 - [TEST_STEP][PASSED] - containsString(response1, boardNameVar, false, CONTINUE_ON_FAILURE): Check contain string successfully

2022-02-09 19:25:15 - [MESSAGE][PASSED] - Check contain string successfully

2022-02-09 19:25:15 - [TEST_STEP][PASSED] - response2 = sendRequest(findTestObject("Trello/List/Create a new list", ["urlList":url_List, "nameofList":nameofListVar, "idBoard":idBoardVar])): Send request successfully

2022-02-09 19:25:16 - [MESSAGE][INFO] - HAR: D:\Optimworks\Katalone\Api\katalon-studio-api\Reports\20220209_192455\Trello\20220209_192455\requests\main\12.har

2022-02-09 19:25:16 - [MESSAGE][PASSED] - Send request successfully

2022-02-09 19:25:16 - [TEST_STEP][PASSED] - verifyResponseStatusCode(response2, 200, CONTINUE_ON_FAILURE): Verify response status code successfully

2022-02-09 19:25:16 - [MESSAGE][PASSED] - Verify response status code successfully

2022-02-09 19:25:16 - [TEST_STEP][PASSED] - containsString(response2, nameofListVar, false, CONTINUE_ON_FAILURE): Check contain string successfully

2022-02-09 19:25:16 - [MESSAGE][PASSED] - Check contain string successfully

2022-02-09 19:25:16 - [TEST_STEP][PASSED] - listIdVar = getElementPropertyValue(response2, "id", CONTINUE_ON_FAILURE): null

2022-02-09 19:25:16 - [TEST_STEP][PASSED] - response3 = sendRequest(findTestObject("Trello/Create card", ["urlCard":url_Card, "listId":listIdVar, "cardName":cardNameVar])): Send request successfully

2022-02-09 19:25:17 - [MESSAGE][INFO] - HAR: D:\Optimworks\Katalone\Api\katalon-studio-api\Reports\20220209_192455\Trello\20220209_192455\requests\main\13.har

2022-02-09 19:25:17 - [MESSAGE][PASSED] - Send request successfully

2022-02-09 19:25:17 - [TEST_STEP][PASSED] - verifyResponseStatusCode(response3, 200, CONTINUE_ON_FAILURE): Verify response status code successfully

2022-02-09 19:25:17 - [MESSAGE][PASSED] - Verify response status code successfully

2022-02-09 19:25:17 - [TEST_STEP][PASSED] - idCardVar = getElementPropertyValue(response3, "id", CONTINUE_ON_FAILURE): null

2022-02-09 19:25:17 - [TEST_STEP][PASSED] - card_response = response3.getResponseText(): null

2022-02-09 19:25:17 - [TEST_STEP][PASSED] - println("
	" + card_response + "
	"): null

2022-02-09 19:25:17 - [TEST_STEP][PASSED] - containsString(response3, cardNameVar, false, CONTINUE_ON_FAILURE): Check contain string successfully

2022-02-09 19:25:17 - [MESSAGE][PASSED] - Check contain string successfully

2022-02-09 19:25:17 - [TEST_STEP][PASSED] - response4 = sendRequest(findTestObject("Object Repository/Trello/Update card", ["urlCard":url_Card, "idCard":idCardVar, "updatedCardName":updatedCardNameVar, "description":addDesciptionToCard])): Send request successfully

2022-02-09 19:25:18 - [MESSAGE][INFO] - HAR: D:\Optimworks\Katalone\Api\katalon-studio-api\Reports\20220209_192455\Trello\20220209_192455\requests\main\14.har

2022-02-09 19:25:18 - [MESSAGE][PASSED] - Send request successfully

2022-02-09 19:25:18 - [TEST_STEP][PASSED] - verifyResponseStatusCode(response4, 200, CONTINUE_ON_FAILURE): Verify response status code successfully

2022-02-09 19:25:18 - [MESSAGE][PASSED] - Verify response status code successfully

2022-02-09 19:25:18 - [TEST_STEP][PASSED] - containsString(response4, updatedCardNameVar, false, CONTINUE_ON_FAILURE): Check contain string successfully

2022-02-09 19:25:18 - [MESSAGE][PASSED] - Check contain string successfully]]></system-out>
         <system-err><![CDATA[]]></system-err>
      </testcase>
      <testcase name="Test Cases/Trello Api Automation/TC05 Create a List - Get the data from List - Update the List - Archive the List" time="3.89" classname="Test Cases/Trello Api Automation/TC05 Create a List - Get the data from List - Update the List - Archive the List" status="PASSED">
         <system-out><![CDATA[2022-02-09 19:25:18 - [TEST_CASE][PASSED] - Test Cases/Trello Api Automation/TC05 Create a List - Get the data from List - Update the List - Archive the List: Test Cases/Trello Api Automation/TC05 Create a List - Get the data from List - Update the List - Archive the List

2022-02-09 19:25:18 - [TEST_STEP][PASSED] - boardNameVar = "Update the List": null

2022-02-09 19:25:18 - [TEST_STEP][PASSED] - nameofListVar = "List": null

2022-02-09 19:25:18 - [TEST_STEP][PASSED] - updateNameVar = "List name updated": null

2022-02-09 19:25:18 - [TEST_STEP][PASSED] - createListRespMsg = ""name":"List1"": null

2022-02-09 19:25:18 - [TEST_STEP][PASSED] - archiveListRespMsg = ""closed":true": null

2022-02-09 19:25:18 - [TEST_STEP][PASSED] - response = sendRequest(findTestObject("Trello/Board Creation", ["urlBoard":url_Board, "boardName":boardNameVar])): Send request successfully

2022-02-09 19:25:19 - [MESSAGE][INFO] - HAR: D:\Optimworks\Katalone\Api\katalon-studio-api\Reports\20220209_192455\Trello\20220209_192455\requests\main\15.har

2022-02-09 19:25:19 - [MESSAGE][PASSED] - Send request successfully

2022-02-09 19:25:19 - [TEST_STEP][PASSED] - verifyResponseStatusCode(response, 200, CONTINUE_ON_FAILURE): Verify response status code successfully

2022-02-09 19:25:19 - [MESSAGE][PASSED] - Verify response status code successfully

2022-02-09 19:25:19 - [TEST_STEP][PASSED] - idBoardVar = getElementPropertyValue(response, "id", CONTINUE_ON_FAILURE): null

2022-02-09 19:25:19 - [TEST_STEP][PASSED] - containsString(response, boardNameVar, false, CONTINUE_ON_FAILURE): Check contain string successfully

2022-02-09 19:25:19 - [MESSAGE][PASSED] - Check contain string successfully

2022-02-09 19:25:19 - [TEST_STEP][PASSED] - response1 = sendRequest(findTestObject("Trello/List/Create a new list", ["urlList":url_List, "nameofList":nameofListVar, "idBoard":idBoardVar])): Send request successfully

2022-02-09 19:25:19 - [MESSAGE][INFO] - HAR: D:\Optimworks\Katalone\Api\katalon-studio-api\Reports\20220209_192455\Trello\20220209_192455\requests\main\16.har

2022-02-09 19:25:19 - [MESSAGE][PASSED] - Send request successfully

2022-02-09 19:25:19 - [TEST_STEP][PASSED] - verifyResponseStatusCode(response1, 200, CONTINUE_ON_FAILURE): Verify response status code successfully

2022-02-09 19:25:19 - [MESSAGE][PASSED] - Verify response status code successfully

2022-02-09 19:25:19 - [TEST_STEP][PASSED] - containsString(response1, nameofListVar, false, CONTINUE_ON_FAILURE): Check contain string successfully

2022-02-09 19:25:19 - [MESSAGE][PASSED] - Check contain string successfully

2022-02-09 19:25:19 - [TEST_STEP][PASSED] - listIdVar = getElementPropertyValue(response1, "id", CONTINUE_ON_FAILURE): null

2022-02-09 19:25:19 - [TEST_STEP][PASSED] - response2 = sendRequest(findTestObject("Trello/List/Get data from list", ["urlList":url_List, "ListId":listIdVar])): Send request successfully

2022-02-09 19:25:20 - [MESSAGE][INFO] - HAR: D:\Optimworks\Katalone\Api\katalon-studio-api\Reports\20220209_192455\Trello\20220209_192455\requests\main\17.har

2022-02-09 19:25:20 - [MESSAGE][PASSED] - Send request successfully

2022-02-09 19:25:20 - [TEST_STEP][PASSED] - verifyResponseStatusCode(response2, 200, CONTINUE_ON_FAILURE): Verify response status code successfully

2022-02-09 19:25:20 - [MESSAGE][PASSED] - Verify response status code successfully

2022-02-09 19:25:20 - [TEST_STEP][PASSED] - getData = response2.getResponseText(): null

2022-02-09 19:25:20 - [TEST_STEP][PASSED] - print("
	" + getData + "
	"): null

2022-02-09 19:25:20 - [TEST_STEP][PASSED] - getListDataRespMsg = getElementPropertyValue(response2, "name", CONTINUE_ON_FAILURE): null

2022-02-09 19:25:20 - [TEST_STEP][PASSED] - containsString(response2, getListDataRespMsg, false, CONTINUE_ON_FAILURE): Check contain string successfully

2022-02-09 19:25:20 - [MESSAGE][PASSED] - Check contain string successfully

2022-02-09 19:25:20 - [TEST_STEP][PASSED] - response3 = sendRequest(findTestObject("Trello/List/Update List", ["updateName":updateNameVar, "urlList":url_List, "ListId":listIdVar])): Send request successfully

2022-02-09 19:25:21 - [MESSAGE][INFO] - HAR: D:\Optimworks\Katalone\Api\katalon-studio-api\Reports\20220209_192455\Trello\20220209_192455\requests\main\18.har

2022-02-09 19:25:21 - [MESSAGE][PASSED] - Send request successfully

2022-02-09 19:25:21 - [TEST_STEP][PASSED] - verifyResponseStatusCode(response3, 200, CONTINUE_ON_FAILURE): Verify response status code successfully

2022-02-09 19:25:21 - [MESSAGE][PASSED] - Verify response status code successfully

2022-02-09 19:25:21 - [TEST_STEP][PASSED] - containsString(response3, updateNameVar, false, CONTINUE_ON_FAILURE): Check contain string successfully

2022-02-09 19:25:21 - [MESSAGE][PASSED] - Check contain string successfully

2022-02-09 19:25:21 - [TEST_STEP][PASSED] - response4 = sendRequest(findTestObject("Trello/List/Archive a list", ["urlList":url_List, "ListId":listIdVar])): Send request successfully

2022-02-09 19:25:21 - [MESSAGE][INFO] - HAR: D:\Optimworks\Katalone\Api\katalon-studio-api\Reports\20220209_192455\Trello\20220209_192455\requests\main\19.har

2022-02-09 19:25:21 - [MESSAGE][PASSED] - Send request successfully

2022-02-09 19:25:21 - [TEST_STEP][PASSED] - verifyResponseStatusCode(response4, 200, CONTINUE_ON_FAILURE): Verify response status code successfully

2022-02-09 19:25:21 - [MESSAGE][PASSED] - Verify response status code successfully]]></system-out>
         <system-err><![CDATA[]]></system-err>
      </testcase>
      <testcase name="Test Cases/Trello Api Automation/TC06 Create a Checklist on a Card - Get Checklist on a Card - Delete a Checklist on a Card" time="4.78" classname="Test Cases/Trello Api Automation/TC06 Create a Checklist on a Card - Get Checklist on a Card - Delete a Checklist on a Card" status="PASSED">
         <system-out><![CDATA[2022-02-09 19:25:21 - [TEST_CASE][PASSED] - Test Cases/Trello Api Automation/TC06 Create a Checklist on a Card - Get Checklist on a Card - Delete a Checklist on a Card: Test Cases/Trello Api Automation/TC06 Create a Checklist on a Card - Get Checklist on a Card - Delete a Checklist on a Card

2022-02-09 19:25:22 - [TEST_STEP][PASSED] - boardNameVar = "Create a Card Checklist": null

2022-02-09 19:25:22 - [TEST_STEP][PASSED] - nameofListVar = "List": null

2022-02-09 19:25:22 - [TEST_STEP][PASSED] - cardNameVar = "My Card": null

2022-02-09 19:25:22 - [TEST_STEP][PASSED] - getChecklistItemRespMsg = "complete": null

2022-02-09 19:25:22 - [TEST_STEP][PASSED] - checklistNameVar = "Todo": null

2022-02-09 19:25:22 - [TEST_STEP][PASSED] - response1 = sendRequest(findTestObject("Trello/Board Creation", ["urlBoard":url_Board, "boardName":boardNameVar])): Send request successfully

2022-02-09 19:25:22 - [MESSAGE][INFO] - HAR: D:\Optimworks\Katalone\Api\katalon-studio-api\Reports\20220209_192455\Trello\20220209_192455\requests\main\20.har

2022-02-09 19:25:22 - [MESSAGE][PASSED] - Send request successfully

2022-02-09 19:25:22 - [TEST_STEP][PASSED] - verifyResponseStatusCode(response1, 200, CONTINUE_ON_FAILURE): Verify response status code successfully

2022-02-09 19:25:22 - [MESSAGE][PASSED] - Verify response status code successfully

2022-02-09 19:25:22 - [TEST_STEP][PASSED] - idBoardVar = getElementPropertyValue(response1, "id", CONTINUE_ON_FAILURE): null

2022-02-09 19:25:22 - [TEST_STEP][PASSED] - containsString(response1, boardNameVar, false, CONTINUE_ON_FAILURE): Check contain string successfully

2022-02-09 19:25:22 - [MESSAGE][PASSED] - Check contain string successfully

2022-02-09 19:25:22 - [TEST_STEP][PASSED] - response2 = sendRequest(findTestObject("Trello/List/Create a new list", ["urlList":url_List, "nameofList":nameofListVar, "idBoard":idBoardVar])): Send request successfully

2022-02-09 19:25:23 - [MESSAGE][INFO] - HAR: D:\Optimworks\Katalone\Api\katalon-studio-api\Reports\20220209_192455\Trello\20220209_192455\requests\main\21.har

2022-02-09 19:25:23 - [MESSAGE][PASSED] - Send request successfully

2022-02-09 19:25:23 - [TEST_STEP][PASSED] - verifyResponseStatusCode(response2, 200, CONTINUE_ON_FAILURE): Verify response status code successfully

2022-02-09 19:25:23 - [MESSAGE][PASSED] - Verify response status code successfully

2022-02-09 19:25:23 - [TEST_STEP][PASSED] - listIdVar = getElementPropertyValue(response2, "id", CONTINUE_ON_FAILURE): null

2022-02-09 19:25:23 - [TEST_STEP][PASSED] - containsString(response2, nameofListVar, false, CONTINUE_ON_FAILURE): Check contain string successfully

2022-02-09 19:25:23 - [MESSAGE][PASSED] - Check contain string successfully

2022-02-09 19:25:23 - [TEST_STEP][PASSED] - response3 = sendRequest(findTestObject("Trello/Create card", ["urlCard":url_Card, "listId":listIdVar, "cardName":cardNameVar])): Send request successfully

2022-02-09 19:25:24 - [MESSAGE][INFO] - HAR: D:\Optimworks\Katalone\Api\katalon-studio-api\Reports\20220209_192455\Trello\20220209_192455\requests\main\22.har

2022-02-09 19:25:24 - [MESSAGE][PASSED] - Send request successfully

2022-02-09 19:25:24 - [TEST_STEP][PASSED] - verifyResponseStatusCode(response3, 200, CONTINUE_ON_FAILURE): Verify response status code successfully

2022-02-09 19:25:24 - [MESSAGE][PASSED] - Verify response status code successfully

2022-02-09 19:25:24 - [TEST_STEP][PASSED] - idCardVar = getElementPropertyValue(response3, "id", CONTINUE_ON_FAILURE): null

2022-02-09 19:25:24 - [TEST_STEP][PASSED] - containsString(response3, cardNameVar, false, CONTINUE_ON_FAILURE): Check contain string successfully

2022-02-09 19:25:24 - [MESSAGE][PASSED] - Check contain string successfully

2022-02-09 19:25:24 - [TEST_STEP][PASSED] - response4 = sendRequest(findTestObject("Trello/Checklist on Card/Create Checklist on card", ["urlCard":url_Card, "idCard":idCardVar, "checklistName":checklistNameVar])): Send request successfully

2022-02-09 19:25:25 - [MESSAGE][INFO] - HAR: D:\Optimworks\Katalone\Api\katalon-studio-api\Reports\20220209_192455\Trello\20220209_192455\requests\main\23.har

2022-02-09 19:25:25 - [MESSAGE][PASSED] - Send request successfully

2022-02-09 19:25:25 - [TEST_STEP][PASSED] - verifyResponseStatusCode(response4, 200, CONTINUE_ON_FAILURE): Verify response status code successfully

2022-02-09 19:25:25 - [MESSAGE][PASSED] - Verify response status code successfully

2022-02-09 19:25:25 - [TEST_STEP][PASSED] - idChecklistVar = getElementPropertyValue(response4, "id", CONTINUE_ON_FAILURE): null

2022-02-09 19:25:25 - [TEST_STEP][PASSED] - response5 = sendRequest(findTestObject("Trello/Checklist on Card/Get Checklist Item", ["urlCard":url_Card, "idCard":idCardVar])): Send request successfully

2022-02-09 19:25:25 - [MESSAGE][INFO] - HAR: D:\Optimworks\Katalone\Api\katalon-studio-api\Reports\20220209_192455\Trello\20220209_192455\requests\main\24.har

2022-02-09 19:25:25 - [MESSAGE][PASSED] - Send request successfully

2022-02-09 19:25:25 - [TEST_STEP][PASSED] - verifyResponseStatusCode(response5, 200, CONTINUE_ON_FAILURE): Verify response status code successfully

2022-02-09 19:25:25 - [MESSAGE][PASSED] - Verify response status code successfully

2022-02-09 19:25:25 - [TEST_STEP][PASSED] - containsString(response5, checklistNameVar, false, CONTINUE_ON_FAILURE): Check contain string successfully

2022-02-09 19:25:25 - [MESSAGE][PASSED] - Check contain string successfully

2022-02-09 19:25:25 - [TEST_STEP][PASSED] - response6 = sendRequest(findTestObject("Trello/Checklist on Card/Delete a Checklist on a Card", ["urlCard":url_Card, "idCard":idCardVar, "idChecklist":idChecklistVar])): Send request successfully

2022-02-09 19:25:26 - [MESSAGE][INFO] - HAR: D:\Optimworks\Katalone\Api\katalon-studio-api\Reports\20220209_192455\Trello\20220209_192455\requests\main\25.har

2022-02-09 19:25:26 - [MESSAGE][PASSED] - Send request successfully

2022-02-09 19:25:26 - [TEST_STEP][PASSED] - verifyResponseStatusCode(response6, 200, CONTINUE_ON_FAILURE): Verify response status code successfully

2022-02-09 19:25:26 - [MESSAGE][PASSED] - Verify response status code successfully]]></system-out>
         <system-err><![CDATA[]]></system-err>
      </testcase>
      <testcase name="Test Cases/Trello Api Automation/TC07 Create Checkitem in a Checklist - Get a Checkitem - Update the Checkitem - Delete a Checkitem" time="5.619" classname="Test Cases/Trello Api Automation/TC07 Create Checkitem in a Checklist - Get a Checkitem - Update the Checkitem - Delete a Checkitem" status="PASSED">
         <system-out><![CDATA[2022-02-09 19:25:26 - [TEST_CASE][PASSED] - Test Cases/Trello Api Automation/TC07 Create Checkitem in a Checklist - Get a Checkitem - Update the Checkitem - Delete a Checkitem: Test Cases/Trello Api Automation/TC07 Create Checkitem in a Checklist - Get a Checkitem - Update the Checkitem - Delete a Checkitem

2022-02-09 19:25:26 - [TEST_STEP][PASSED] - boardNameVar = "Create a Card Checkitem": null

2022-02-09 19:25:26 - [TEST_STEP][PASSED] - nameofListVar = "List": null

2022-02-09 19:25:26 - [TEST_STEP][PASSED] - cardNameVar = "My Card": null

2022-02-09 19:25:26 - [TEST_STEP][PASSED] - getChecklistItemRespMsg = "complete": null

2022-02-09 19:25:26 - [TEST_STEP][PASSED] - checklistNameVar = "Todo": null

2022-02-09 19:25:26 - [TEST_STEP][PASSED] - nameCheckitemVar = "Task-1": null

2022-02-09 19:25:26 - [TEST_STEP][PASSED] - updatedNameVar = "Todo Task -1": null

2022-02-09 19:25:26 - [TEST_STEP][PASSED] - updatedStateVar = "complete": null

2022-02-09 19:25:26 - [TEST_STEP][PASSED] - response1 = sendRequest(findTestObject("Trello/Board Creation", ["urlBoard":url_Board, "boardName":boardNameVar])): Send request successfully

2022-02-09 19:25:27 - [MESSAGE][INFO] - HAR: D:\Optimworks\Katalone\Api\katalon-studio-api\Reports\20220209_192455\Trello\20220209_192455\requests\main\26.har

2022-02-09 19:25:27 - [MESSAGE][PASSED] - Send request successfully

2022-02-09 19:25:27 - [TEST_STEP][PASSED] - verifyResponseStatusCode(response1, 200, CONTINUE_ON_FAILURE): Verify response status code successfully

2022-02-09 19:25:27 - [MESSAGE][PASSED] - Verify response status code successfully

2022-02-09 19:25:27 - [TEST_STEP][PASSED] - idBoardVar = getElementPropertyValue(response1, "id", CONTINUE_ON_FAILURE): null

2022-02-09 19:25:27 - [TEST_STEP][PASSED] - containsString(response1, boardNameVar, false, CONTINUE_ON_FAILURE): Check contain string successfully

2022-02-09 19:25:27 - [MESSAGE][PASSED] - Check contain string successfully

2022-02-09 19:25:27 - [TEST_STEP][PASSED] - response2 = sendRequest(findTestObject("Trello/List/Create a new list", ["urlList":url_List, "nameofList":nameofListVar, "idBoard":idBoardVar])): Send request successfully

2022-02-09 19:25:28 - [MESSAGE][INFO] - HAR: D:\Optimworks\Katalone\Api\katalon-studio-api\Reports\20220209_192455\Trello\20220209_192455\requests\main\27.har

2022-02-09 19:25:28 - [MESSAGE][PASSED] - Send request successfully

2022-02-09 19:25:28 - [TEST_STEP][PASSED] - verifyResponseStatusCode(response2, 200, CONTINUE_ON_FAILURE): Verify response status code successfully

2022-02-09 19:25:28 - [MESSAGE][PASSED] - Verify response status code successfully

2022-02-09 19:25:28 - [TEST_STEP][PASSED] - listIdVar = getElementPropertyValue(response2, "id", CONTINUE_ON_FAILURE): null

2022-02-09 19:25:28 - [TEST_STEP][PASSED] - containsString(response2, nameofListVar, false, CONTINUE_ON_FAILURE): Check contain string successfully

2022-02-09 19:25:28 - [MESSAGE][PASSED] - Check contain string successfully

2022-02-09 19:25:28 - [TEST_STEP][PASSED] - response3 = sendRequest(findTestObject("Trello/Create card", ["urlCard":url_Card, "listId":listIdVar, "cardName":cardNameVar])): Send request successfully

2022-02-09 19:25:29 - [MESSAGE][INFO] - HAR: D:\Optimworks\Katalone\Api\katalon-studio-api\Reports\20220209_192455\Trello\20220209_192455\requests\main\28.har

2022-02-09 19:25:29 - [MESSAGE][PASSED] - Send request successfully

2022-02-09 19:25:29 - [TEST_STEP][PASSED] - verifyResponseStatusCode(response3, 200, CONTINUE_ON_FAILURE): Verify response status code successfully

2022-02-09 19:25:29 - [MESSAGE][PASSED] - Verify response status code successfully

2022-02-09 19:25:29 - [TEST_STEP][PASSED] - idCardVar = getElementPropertyValue(response3, "id", CONTINUE_ON_FAILURE): null

2022-02-09 19:25:29 - [TEST_STEP][PASSED] - containsString(response3, cardNameVar, false, CONTINUE_ON_FAILURE): Check contain string successfully

2022-02-09 19:25:29 - [MESSAGE][PASSED] - Check contain string successfully

2022-02-09 19:25:29 - [TEST_STEP][PASSED] - response4 = sendRequest(findTestObject("Trello/Checklist on Card/Create Checklist on card", ["urlCard":url_Card, "idCard":idCardVar, "checklistName":checklistNameVar])): Send request successfully

2022-02-09 19:25:30 - [MESSAGE][INFO] - HAR: D:\Optimworks\Katalone\Api\katalon-studio-api\Reports\20220209_192455\Trello\20220209_192455\requests\main\29.har

2022-02-09 19:25:30 - [MESSAGE][PASSED] - Send request successfully

2022-02-09 19:25:30 - [TEST_STEP][PASSED] - verifyResponseStatusCode(response4, 200, CONTINUE_ON_FAILURE): Verify response status code successfully

2022-02-09 19:25:30 - [MESSAGE][PASSED] - Verify response status code successfully

2022-02-09 19:25:30 - [TEST_STEP][PASSED] - idChecklistVar = getElementPropertyValue(response4, "id", CONTINUE_ON_FAILURE): null

2022-02-09 19:25:30 - [TEST_STEP][PASSED] - data = response4.getResponseText(): null

2022-02-09 19:25:30 - [TEST_STEP][PASSED] - print("
	" + data + "
	"): null

2022-02-09 19:25:30 - [TEST_STEP][PASSED] - containsString(response4, checklistNameVar, false, CONTINUE_ON_FAILURE): Check contain string successfully

2022-02-09 19:25:30 - [MESSAGE][PASSED] - Check contain string successfully

2022-02-09 19:25:30 - [TEST_STEP][PASSED] - response5 = sendRequest(findTestObject("Trello/Checkitems in a checklists on a card/Create Checkitem on Checklist", ["idChecklist":idChecklistVar, "nameCheckitem":nameCheckitemVar])): Send request successfully

2022-02-09 19:25:30 - [MESSAGE][INFO] - HAR: D:\Optimworks\Katalone\Api\katalon-studio-api\Reports\20220209_192455\Trello\20220209_192455\requests\main\30.har

2022-02-09 19:25:30 - [MESSAGE][PASSED] - Send request successfully

2022-02-09 19:25:30 - [TEST_STEP][PASSED] - verifyResponseStatusCode(response5, 200, CONTINUE_ON_FAILURE): Verify response status code successfully

2022-02-09 19:25:30 - [MESSAGE][PASSED] - Verify response status code successfully

2022-02-09 19:25:30 - [TEST_STEP][PASSED] - idCheckitemVar = getElementPropertyValue(response5, "id", CONTINUE_ON_FAILURE): null

2022-02-09 19:25:30 - [TEST_STEP][PASSED] - containsString(response5, nameCheckitemVar, false, CONTINUE_ON_FAILURE): Check contain string successfully

2022-02-09 19:25:30 - [MESSAGE][PASSED] - Check contain string successfully

2022-02-09 19:25:30 - [TEST_STEP][PASSED] - response6 = sendRequest(findTestObject("Trello/Checkitems in a checklists on a card/Update a Checkitem on a Card", ["urlCard":url_Card, "idCard":idCardVar, "idCheckitem":idCheckitemVar, "updatedName":updatedNameVar, "updatedState":updatedStateVar])): Send request successfully

2022-02-09 19:25:31 - [MESSAGE][INFO] - HAR: D:\Optimworks\Katalone\Api\katalon-studio-api\Reports\20220209_192455\Trello\20220209_192455\requests\main\31.har

2022-02-09 19:25:31 - [MESSAGE][PASSED] - Send request successfully

2022-02-09 19:25:31 - [TEST_STEP][PASSED] - verifyResponseStatusCode(response6, 200, CONTINUE_ON_FAILURE): Verify response status code successfully

2022-02-09 19:25:31 - [MESSAGE][PASSED] - Verify response status code successfully

2022-02-09 19:25:31 - [TEST_STEP][PASSED] - containsString(response6, updatedNameVar, false, CONTINUE_ON_FAILURE): Check contain string successfully

2022-02-09 19:25:31 - [MESSAGE][PASSED] - Check contain string successfully

2022-02-09 19:25:31 - [TEST_STEP][PASSED] - response7 = sendRequest(findTestObject("Trello/Checkitems in a checklists on a card/Delete a Checkitem", ["urlCard":url_Card, "idCard":idCardVar, "idCheckitem":idCheckitemVar])): Send request successfully

2022-02-09 19:25:32 - [MESSAGE][INFO] - HAR: D:\Optimworks\Katalone\Api\katalon-studio-api\Reports\20220209_192455\Trello\20220209_192455\requests\main\32.har

2022-02-09 19:25:32 - [MESSAGE][PASSED] - Send request successfully

2022-02-09 19:25:32 - [TEST_STEP][PASSED] - verifyResponseStatusCode(response7, 200, CONTINUE_ON_FAILURE): Verify response status code successfully

2022-02-09 19:25:32 - [MESSAGE][PASSED] - Verify response status code successfully]]></system-out>
         <system-err><![CDATA[]]></system-err>
      </testcase>
      <system-out><![CDATA[2022-02-09 19:25:02 - [TEST_SUITE][PASSED] - Trello: Test Cases/Trello Api Automation/TC07 Create Checkitem in a Checklist - Get a Checkitem - Update the Checkitem - Delete a Checkitem]]></system-out>
      <system-err><![CDATA[]]></system-err>
   </testsuite>
</testsuites>
